#
# A fatal error has been detected by the Java Runtime Environment:
#
#  EXCEPTION_ACCESS_VIOLATION (0xc0000005) at pc=0x00007ff869440eca, pid=12464, tid=9916
#
# JRE version: Java(TM) SE Runtime Environment (18.0.2.1+1) (build 18.0.2.1+1-1)
# Java VM: Java HotSpot(TM) 64-Bit Server VM (18.0.2.1+1-1, mixed mode, sharing, tiered, compressed oops, compressed class ptrs, g1 gc, windows-amd64)
# Problematic frame:
# V  [jvm.dll+0x760eca]
#
# No core dump will be written. Minidumps are not enabled by default on client versions of Windows
#
# If you would like to submit a bug report, please visit:
#   https://bugreport.java.com/bugreport/crash.jsp
#

---------------  S U M M A R Y ------------

Command Line: -XX:+ShowCodeDetailsInExceptionMessages -agentlib:jdwp=transport=dt_socket,suspend=y,address=localhost:49816 --enable-preview -javaagent:C:\Users\Dani\eclipse\java-2022-06\eclipse\configuration\org.eclipse.osgi\215\0\.cp\lib\javaagent-shaded.jar -Dfile.encoding=UTF-8 --module-path=C:\Users\Dani\Desktop\workspace adda23\PI4_marrogar60\bin;C:\Users\Dani\git\ada_v2_18\java\Geneticos\bin;C:\Users\Dani\git\ada_v2_18\java\ParteComun\target\classes;C:\Users\Dani\git\ada_v2_18\java\ParteComun\lib\antlr4-runtime-4.9.2.jar;C:\Users\Dani\git\ada_v2_18\java\ParteComun\lib\jgrapht-core-1.5.0.jar;C:\Users\Dani\git\ada_v2_18\java\ParteComun\lib\jgrapht-io-1.5.0.jar;C:\Users\Dani\git\ada_v2_18\java\ParteComun\lib\jheaps-0.13.jar;C:\Users\Dani\git\ada_v2_18\java\ParteComun\lib\commons-text-1.8.jar;C:\Users\Dani\git\ada_v2_18\java\ParteComun\lib\commons-math3-3.6.1.jar;C:\Users\Dani\git\ada_v2_18\java\ParteComun\lib\juniversalchardet-1.0.3.jar;C:\Users\Dani\git\ada_v2_18\java\ParteComun\lib\matplotlib4j-0.5.1.jar;C:\Users\Dani\git\ada_v2_18\java\ParteComun\lib\slf4j-api-1.7.7.jar;C:\Users\Dani\git\ada_v2_18\java\ParteComun\lib\slf4j-log4j12-1.7.7.jar;C:\Users\Dani\git\ada_v2_18\java\ParteComun\lib\log4j-1.2.17.jar;C:\Users\Dani\git\ada_v2_18\java\ParteComun\lib\guava-15.0.jar;C:\Users\Dani\git\ada_v2_18\java\Grafos\bin;C:\Users\Dani\git\ada_v2_18\java\Solve\bin;C:\Users\Dani\git\ada_v2_18\java\DatosCompartidos\bin;C:\Users\Dani\git\ada_v2_18\java\Solve\lib\gurobi.jar;C:\Users\Dani\git\ada_v2_18\java\Solve\lib\antlr4-runtime-4.9.2.jar;C:\Users\Dani\git\ada_v2_18\java\Grafos\lib\commons-lang3-3.9.jar;C:\Users\Dani\git\ada_v2_18\java\Grafos\lib\commons-text-1.8.jar;C:\Users\Dani\git\ada_v2_18\java\Grafos\lib\jgrapht-core-1.5.0.jar;C:\Users\Dani\git\ada_v2_18\java\Grafos\lib\jgrapht-io-1.5.0.jar;C:\Users\Dani\git\ada_v2_18\java\Grafos\lib\jheaps-0.13.jar;C:\Users\Dani\git\ada_v2_18\java\Geneticos\lib\commons-math3-3.2.jar;C:\Users\Dani\git\ada_v2_18\java\Geneticos\lib\jgrapht-core-1.2.0.jar -Djdk.module.main=pi42223 pi42223/ejercicio1.TestEjercicio1AGRange

Host: AMD Ryzen 5 5600H with Radeon Graphics         , 12 cores, 15G,  Windows 10 , 64 bit Build 19041 (10.0.19041.2546)
Time: Mon Mar 13 09:49:07 2023 Hora estándar romance elapsed time: 1886.395069 seconds (0d 0h 31m 26s)

---------------  T H R E A D  ---------------

Current thread (0x0000029764890b00):  JavaThread "JDWP Transport Listener: dt_socket" daemon [_thread_in_vm, id=9916, stack(0x0000009f1fd00000,0x0000009f1fe00000)]

Stack: [0x0000009f1fd00000,0x0000009f1fe00000],  sp=0x0000009f1fdff4d0,  free space=1021k
Native frames: (J=compiled Java code, j=interpreted, Vv=VM code, C=native code)
V  [jvm.dll+0x760eca]
V  [jvm.dll+0x52c54c]
V  [jvm.dll+0x4f3d5b]
C  [jdwp.dll+0x230a7]


siginfo: EXCEPTION_ACCESS_VIOLATION (0xc0000005), reading address 0x0000000000a400a5


Register to memory mapping:

RIP=0x00007ff869440eca jvm.dll
RAX=0x00000000000000a5 is an unknown value
RBX=0x000002976412b391 points into unknown readable memory: 3b 00 2f 4c 69 73 74
RCX=0x0000000000a400a1 is an unknown value
RDX=0x0000029764aa6830 points into unknown readable memory: 0x63696372656a654c | 4c 65 6a 65 72 63 69 63
RSP=0x0000009f1fdff4d0 is pointing into the stack for thread: 0x0000029764890b00
RBP=0x0000029764a1e5c0 points into unknown readable memory: 0x0000001700000002 | 02 00 00 00 17 00 00 00
RSI=0x0 is NULL
RDI=0xffffffffffffffff is an unknown value
R8 =0x0000000000000011 is an unknown value
R9 =0x0000000000000029 is an unknown value
R10=0x0 is NULL
R11=0x0000009f1fdff4f0 is pointing into the stack for thread: 0x0000029764890b00
R12=0x0000009f1fdff628 is pointing into the stack for thread: 0x0000029764890b00
R13=0x0 is NULL
R14=0x0000000800c0abe8 is a pointer to class: 
ejercicio1.InRangeEjercicio1AG {0x0000000800c0abf0}
 - instance size:     2
 - klass size:        83
 - access:            public synchronized 
 - state:             fully_initialized
 - name:              'ejercicio1/InRangeEjercicio1AG'
 - super:             'java/lang/Object'
 - sub:               
 - arrays:            NULL
 - methods:           Array<T>(0x000002976047deb8)
 - method ordering:   Array<T>(0x0000029760480978)
 - default_methods:   Array<T>(0x0000000000000000)
 - local interfaces:  Array<T>(0x000002976044f3a8)
 - trans. interfaces: Array<T>(0x0000029760450748)
 - constants:         constant pool [175] {0x00000297604814c0} for 'ejercicio1/InRangeEjercicio1AG' cache=0x000002976047e0a0
 - class loader data:  loader data: 0x0000029764222100 for instance a 'jdk/internal/loader/ClassLoaders$AppClassLoader'{0x0000000719a6ccf0}
 - source file:       'InRangeEjercicio1AG.java'
 - source debug extension:       SMAP
InRangeEjercicio1AG.java
Java
*S jdt
*F
1 InRangeEjercicio1AG.java
2 file:/C:/Users/Dani/Desktop/workspace%20adda23/PI4_marrogar60/bin/
*L
*E

 - class annotations:       Array<T>(0x0000000000000000)
 - class type annotations:  Array<T>(0x0000000000000000)
 - field annotations:       Array<T>(0x0000000000000000)
 - field type annotations:  Array<T>(0x0000000000000000)
 - previous version:  constant pool [150] {0x000002976044eb78} for 'ejercicio1/InRangeEjercicio1AG' (extra) cache=0x00000297604507d8
 - generic signature: '
[error occurred during error reporting (printing register info), id 0xc0000005, EXCEPTION_ACCESS_VIOLATION (0xc0000005) at pc=0x00007ff869441ad6]

Registers:
RAX=0x00000000000000a5, RBX=0x000002976412b391, RCX=0x0000000000a400a1, RDX=0x0000029764aa6830
RSP=0x0000009f1fdff4d0, RBP=0x0000029764a1e5c0, RSI=0x0000000000000000, RDI=0xffffffffffffffff
R8 =0x0000000000000011, R9 =0x0000000000000029, R10=0x0000000000000000, R11=0x0000009f1fdff4f0
R12=0x0000009f1fdff628, R13=0x0000000000000000, R14=0x0000000800c0abe8, R15=0x0000009f1fdff678
RIP=0x00007ff869440eca, EFLAGS=0x0000000000010202

Top of Stack: (sp=0x0000009f1fdff4d0)
0x0000009f1fdff4d0:   000000000000001e 0000000800c0abe8
0x0000009f1fdff4e0:   0000029764890b00 0000000000000000
0x0000009f1fdff4f0:   ffffffffffffffff 00007ff86920c54c
0x0000009f1fdff500:   000002976412b391 0000029764a1e5c0
0x0000009f1fdff510:   0000000000000000 0000029764890d90
0x0000009f1fdff520:   000002976412b340 00000000000003d8
0x0000009f1fdff530:   000002976412b350 000002976412b728
0x0000009f1fdff540:   0000000000000002 0000009f1fdff628
0x0000009f1fdff550:   0000000000000000 0000000000000000
0x0000009f1fdff560:   0000000718a16180 00007ff8691d3d5b
0x0000009f1fdff570:   0000029764890b00 0000009f1fdff678
0x0000009f1fdff580:   000002973d0e2eb0 0000009f1fdff678
0x0000009f1fdff590:   0000029764890b00 0000000000000000
0x0000009f1fdff5a0:   0000029700000000 0000000000000000
0x0000009f1fdff5b0:   000000000000000d 00007ff8990a30a7
0x0000009f1fdff5c0:   0000009f1fdff670 00007ff8990b1718 

Instructions: (pc=0x00007ff869440eca)
0x00007ff869440dca:   48 8b f8 48 85 db 74 08 48 8b cb e8 16 ad f0 ff
0x00007ff869440dda:   48 8b 5c 24 30 48 8b c7 48 83 c4 20 5f c3 8d 42
0x00007ff869440dea:   06 83 ff 02 b9 08 00 00 00 0f 4e c1 45 33 c0 48
0x00007ff869440dfa:   63 c8 48 83 c1 07 83 e1 f8 48 63 c9 41 8d 50 0b
0x00007ff869440e0a:   48 83 c4 20 5f e9 1c 23 95 ff cc cc cc cc cc cc
0x00007ff869440e1a:   cc cc cc cc cc cc 83 fa 02 8d 42 06 b9 08 00 00
0x00007ff869440e2a:   00 4d 8b c8 0f 4e c1 48 63 c8 49 8b 40 18 48 83
0x00007ff869440e3a:   c1 07 83 e1 f8 48 63 d1 49 8b 48 20 48 2b c8 48
0x00007ff869440e4a:   3b ca 72 09 48 8d 0c 10 49 89 48 18 c3 45 33 c0
0x00007ff869440e5a:   49 8b c9 e9 fe 80 95 ff cc cc cc cc cc cc cc cc
0x00007ff869440e6a:   cc cc cc cc cc cc 4c 8b d2 4c 8b d9 45 85 c0 7e
0x00007ff869440e7a:   3c 44 0f b7 49 04 41 8d 40 ff 41 3b c1 44 0f 4c
0x00007ff869440e8a:   c8 4d 63 c1 45 85 c9 7e 1f 48 8b c2 4c 2b da 49
0x00007ff869440e9a:   8b d0 0f 1f 40 00 41 0f b6 4c 03 06 88 08 48 8d
0x00007ff869440eaa:   40 01 48 83 ea 01 75 ee 43 c6 04 10 00 49 8b c2
0x00007ff869440eba:   c3 cc cc cc cc cc 48 89 5c 24 08 57 48 83 ec 20
0x00007ff869440eca:   0f b7 59 04 48 8b f9 33 d2 48 8d 4b 01 e8 14 d4
0x00007ff869440eda:   f8 ff 0f b7 57 04 4c 8b c0 3b da 0f 42 d3 44 8b
0x00007ff869440eea:   ca 85 d2 74 39 48 2b f8 0f 1f 40 00 66 66 0f 1f
0x00007ff869440efa:   84 00 00 00 00 00 0f b6 4c 07 06 88 08 48 ff c0
0x00007ff869440f0a:   48 8b c8 49 2b c8 49 3b c9 7c eb 42 c6 04 02 00
0x00007ff869440f1a:   49 8b c0 48 8b 5c 24 30 48 83 c4 20 5f c3 48 8b
0x00007ff869440f2a:   5c 24 30 c6 04 02 00 48 83 c4 20 5f c3 cc cc cc
0x00007ff869440f3a:   cc cc cc cc cc cc 4c 8b d1 45 85 c0 7e 6c 44 0f
0x00007ff869440f4a:   b7 49 04 41 8d 40 ff 41 3b c1 44 0f 4c c8 4d 63
0x00007ff869440f5a:   d9 45 85 c9 7e 22 48 8b ca 4c 2b d2 4d 8b c3 0f
0x00007ff869440f6a:   1f 80 00 00 00 00 41 0f b6 44 0a 06 88 01 48 8d
0x00007ff869440f7a:   49 01 49 83 e8 01 75 ee 41 c6 04 13 00 48 c7 c0
0x00007ff869440f8a:   ff ff ff ff 66 90 48 ff c0 80 3c 02 00 75 f7 48
0x00007ff869440f9a:   63 c8 85 c0 48 8b c2 7e 14 80 38 2f 75 03 c6 00
0x00007ff869440faa:   2e 48 ff c0 48 83 e9 01 75 ef 48 8b c2 c3 cc cc
0x00007ff869440fba:   cc cc cc cc cc cc 48 83 ec 28 e8 f7 fe ff ff 4c 


Stack slot to memory mapping:
stack at sp + 0 slots: 0x000000000000001e is an unknown value
stack at sp + 1 slots: 0x0000000800c0abe8 is a pointer to class: 
ejercicio1.InRangeEjercicio1AG {0x0000000800c0abf0}
 - instance size:     2
 - klass size:        83
 - access:            public synchronized 
 - state:             fully_initialized
 - name:              'ejercicio1/InRangeEjercicio1AG'
 - super:             'java/lang/Object'
 - sub:               
 - arrays:            NULL
 - methods:           Array<T>(0x000002976047deb8)
 - method ordering:   Array<T>(0x0000029760480978)
 - default_methods:   Array<T>(0x0000000000000000)
 - local interfaces:  Array<T>(0x000002976044f3a8)
 - trans. interfaces: Array<T>(0x0000029760450748)
 - constants:         constant pool [175] {0x00000297604814c0} for 'ejercicio1/InRangeEjercicio1AG' cache=0x000002976047e0a0
 - class loader data:  loader data: 0x0000029764222100 for instance a 'jdk/internal/loader/ClassLoaders$AppClassLoader'{0x0000000719a6ccf0}
 - source file:       'InRangeEjercicio1AG.java'
 - source debug extension:       SMAP
InRangeEjercicio1AG.java
Java
*S jdt
*F
1 InRangeEjercicio1AG.java
2 file:/C:/Users/Dani/Desktop/workspace%20adda23/PI4_marrogar60/bin/
*L
*E

 - class annotations:       Array<T>(0x0000000000000000)
 - class type annotations:  Array<T>(0x0000000000000000)
 - field annotations:       Array<T>(0x0000000000000000)
 - field type annotations:  Array<T>(0x0000000000000000)
 - previous version:  constant pool [150] {0x000002976044eb78} for 'ejercicio1/InRangeEjercicio1AG' (extra) cache=0x00000297604507d8
 - generic signature: '
[error occurred during error reporting (inspecting top of stack), id 0xc0000005, EXCEPTION_ACCESS_VIOLATION (0xc0000005) at pc=0x00007ff869441ad6]


---------------  P R O C E S S  ---------------

Threads class SMR info:
_java_thread_list=0x0000029764ac1510, length=15, elements={
0x000002973d0f5650, 0x000002975f73fda0, 0x000002975f741760, 0x000002975f75c5f0,
0x000002975f75cba0, 0x000002975f75d150, 0x000002975f761850, 0x000002975f765440,
0x000002975f773ab0, 0x000002975f766a40, 0x0000029764081740, 0x0000029764890b00,
0x00000297647573d0, 0x00000297647578b0, 0x000002976493e0b0
}

Java Threads: ( => current thread )
  0x000002973d0f5650 JavaThread "main" [_thread_blocked, id=7240, stack(0x0000009f1ea00000,0x0000009f1eb00000)]
  0x000002975f73fda0 JavaThread "Reference Handler" daemon [_thread_blocked, id=3996, stack(0x0000009f1f100000,0x0000009f1f200000)]
  0x000002975f741760 JavaThread "Finalizer" daemon [_thread_blocked, id=2352, stack(0x0000009f1f200000,0x0000009f1f300000)]
  0x000002975f75c5f0 JavaThread "Signal Dispatcher" daemon [_thread_blocked, id=12900, stack(0x0000009f1f300000,0x0000009f1f400000)]
  0x000002975f75cba0 JavaThread "Attach Listener" daemon [_thread_blocked, id=10504, stack(0x0000009f1f400000,0x0000009f1f500000)]
  0x000002975f75d150 JavaThread "Service Thread" daemon [_thread_blocked, id=12304, stack(0x0000009f1f500000,0x0000009f1f600000)]
  0x000002975f761850 JavaThread "Monitor Deflation Thread" daemon [_thread_blocked, id=12896, stack(0x0000009f1f600000,0x0000009f1f700000)]
  0x000002975f765440 JavaThread "C2 CompilerThread0" daemon [_thread_blocked, id=1056, stack(0x0000009f1f700000,0x0000009f1f800000)]
  0x000002975f773ab0 JavaThread "C1 CompilerThread0" daemon [_thread_blocked, id=12468, stack(0x0000009f1f800000,0x0000009f1f900000)]
  0x000002975f766a40 JavaThread "Sweeper thread" daemon [_thread_blocked, id=3588, stack(0x0000009f1f900000,0x0000009f1fa00000)]
  0x0000029764081740 JavaThread "Common-Cleaner" daemon [_thread_blocked, id=11780, stack(0x0000009f1fa00000,0x0000009f1fb00000)]
=>0x0000029764890b00 JavaThread "JDWP Transport Listener: dt_socket" daemon [_thread_in_vm, id=9916, stack(0x0000009f1fd00000,0x0000009f1fe00000)]
  0x00000297647573d0 JavaThread "JDWP Event Helper Thread" daemon [_thread_blocked, id=12780, stack(0x0000009f1fe00000,0x0000009f1ff00000)]
  0x00000297647578b0 JavaThread "JDWP Command Reader" daemon [_thread_in_native, id=1888, stack(0x0000009f1ff00000,0x0000009f20000000)]
  0x000002976493e0b0 JavaThread "Notification Thread" daemon [_thread_blocked, id=6576, stack(0x0000009f20000000,0x0000009f20100000)]

Other Threads:
  0x000002975f73ddb0 VMThread "VM Thread" [stack: 0x0000009f1f000000,0x0000009f1f100000] [id=10176]
  0x000002976493cfd0 WatcherThread "VM Periodic Task Thread" [stack: 0x0000009f20100000,0x0000009f20200000] [id=8620]
  0x000002973d1650d0 WorkerThread "GC Thread#0" [stack: 0x0000009f1eb00000,0x0000009f1ec00000] [id=8936]
  0x000002973d175590 ConcurrentGCThread "G1 Main Marker" [stack: 0x0000009f1ec00000,0x0000009f1ed00000] [id=2124]
  0x000002973d176720 WorkerThread "G1 Conc#0" [stack: 0x0000009f1ed00000,0x0000009f1ee00000] [id=8728]
  0x000002973d1b1080 ConcurrentGCThread "G1 Refine#0" [stack: 0x0000009f1ee00000,0x0000009f1ef00000] [id=4852]
  0x000002973d1b14b0 ConcurrentGCThread "G1 Service" [stack: 0x0000009f1ef00000,0x0000009f1f000000] [id=3952]

Threads with active compile tasks:

VM state: not at safepoint (normal execution)

VM Mutex/Monitor currently owned by a thread: None

Heap address: 0x000000070a600000, size: 3930 MB, Compressed Oops mode: Zero based, Oop shift amount: 3

CDS archive(s) mapped at: [0x0000000800000000-0x0000000800ba0000-0x0000000800ba0000), size 12189696, SharedBaseAddress: 0x0000000800000000, ArchiveRelocationMode: 0.
Compressed class space mapped at: 0x0000000800c00000-0x0000000840c00000, reserved size: 1073741824
Narrow klass base: 0x0000000800000000, Narrow klass shift: 0, Narrow klass range: 0x100000000

GC Precious Log:
 CardTable entry size: 512
 Card Set container configuration: InlinePtr #cards 4 size 8 Array Of Cards #cards 16 size 48 Howl #buckets 8 coarsen threshold 3686 Howl Bitmap #cards 512 size 80 coarsen threshold 460 Card regions per heap region 1 cards per card region 4096
 CPUs: 12 total, 12 available
 Memory: 15716M
 Large Page Support: Disabled
 NUMA Support: Disabled
 Compressed Oops: Enabled (Zero based)
 Heap Region Size: 2M
 Heap Min Capacity: 8M
 Heap Initial Capacity: 246M
 Heap Max Capacity: 3930M
 Pre-touch: Disabled
 Parallel Workers: 10
 Concurrent Workers: 3
 Concurrent Refinement Workers: 10
 Periodic GC: Disabled

Heap:
 garbage-first heap   total 251904K, used 16384K [0x000000070a600000, 0x0000000800000000)
  region size 2048K, 9 young (18432K), 0 survivors (0K)
 Metaspace       used 3809K, committed 4032K, reserved 1114112K
  class space    used 343K, committed 448K, reserved 1048576K

Heap Regions: E=young(eden), S=young(survivor), O=old, HS=humongous(starts), HC=humongous(continues), CS=collection set, F=free, OA=open archive, CA=closed archive, TAMS=top-at-mark-start (previous, next)
|   0|0x000000070a600000, 0x000000070a600000, 0x000000070a800000|  0%| F|  |TAMS 0x000000070a600000, 0x000000070a600000| Untracked 
|   1|0x000000070a800000, 0x000000070a800000, 0x000000070aa00000|  0%| F|  |TAMS 0x000000070a800000, 0x000000070a800000| Untracked 
|   2|0x000000070aa00000, 0x000000070aa00000, 0x000000070ac00000|  0%| F|  |TAMS 0x000000070aa00000, 0x000000070aa00000| Untracked 
|   3|0x000000070ac00000, 0x000000070ac00000, 0x000000070ae00000|  0%| F|  |TAMS 0x000000070ac00000, 0x000000070ac00000| Untracked 
|   4|0x000000070ae00000, 0x000000070ae00000, 0x000000070b000000|  0%| F|  |TAMS 0x000000070ae00000, 0x000000070ae00000| Untracked 
|   5|0x000000070b000000, 0x000000070b000000, 0x000000070b200000|  0%| F|  |TAMS 0x000000070b000000, 0x000000070b000000| Untracked 
|   6|0x000000070b200000, 0x000000070b200000, 0x000000070b400000|  0%| F|  |TAMS 0x000000070b200000, 0x000000070b200000| Untracked 
|   7|0x000000070b400000, 0x000000070b400000, 0x000000070b600000|  0%| F|  |TAMS 0x000000070b400000, 0x000000070b400000| Untracked 
|   8|0x000000070b600000, 0x000000070b600000, 0x000000070b800000|  0%| F|  |TAMS 0x000000070b600000, 0x000000070b600000| Untracked 
|   9|0x000000070b800000, 0x000000070b800000, 0x000000070ba00000|  0%| F|  |TAMS 0x000000070b800000, 0x000000070b800000| Untracked 
|  10|0x000000070ba00000, 0x000000070ba00000, 0x000000070bc00000|  0%| F|  |TAMS 0x000000070ba00000, 0x000000070ba00000| Untracked 
|  11|0x000000070bc00000, 0x000000070bc00000, 0x000000070be00000|  0%| F|  |TAMS 0x000000070bc00000, 0x000000070bc00000| Untracked 
|  12|0x000000070be00000, 0x000000070be00000, 0x000000070c000000|  0%| F|  |TAMS 0x000000070be00000, 0x000000070be00000| Untracked 
|  13|0x000000070c000000, 0x000000070c000000, 0x000000070c200000|  0%| F|  |TAMS 0x000000070c000000, 0x000000070c000000| Untracked 
|  14|0x000000070c200000, 0x000000070c200000, 0x000000070c400000|  0%| F|  |TAMS 0x000000070c200000, 0x000000070c200000| Untracked 
|  15|0x000000070c400000, 0x000000070c400000, 0x000000070c600000|  0%| F|  |TAMS 0x000000070c400000, 0x000000070c400000| Untracked 
|  16|0x000000070c600000, 0x000000070c600000, 0x000000070c800000|  0%| F|  |TAMS 0x000000070c600000, 0x000000070c600000| Untracked 
|  17|0x000000070c800000, 0x000000070c800000, 0x000000070ca00000|  0%| F|  |TAMS 0x000000070c800000, 0x000000070c800000| Untracked 
|  18|0x000000070ca00000, 0x000000070ca00000, 0x000000070cc00000|  0%| F|  |TAMS 0x000000070ca00000, 0x000000070ca00000| Untracked 
|  19|0x000000070cc00000, 0x000000070cc00000, 0x000000070ce00000|  0%| F|  |TAMS 0x000000070cc00000, 0x000000070cc00000| Untracked 
|  20|0x000000070ce00000, 0x000000070ce00000, 0x000000070d000000|  0%| F|  |TAMS 0x000000070ce00000, 0x000000070ce00000| Untracked 
|  21|0x000000070d000000, 0x000000070d000000, 0x000000070d200000|  0%| F|  |TAMS 0x000000070d000000, 0x000000070d000000| Untracked 
|  22|0x000000070d200000, 0x000000070d200000, 0x000000070d400000|  0%| F|  |TAMS 0x000000070d200000, 0x000000070d200000| Untracked 
|  23|0x000000070d400000, 0x000000070d400000, 0x000000070d600000|  0%| F|  |TAMS 0x000000070d400000, 0x000000070d400000| Untracked 
|  24|0x000000070d600000, 0x000000070d600000, 0x000000070d800000|  0%| F|  |TAMS 0x000000070d600000, 0x000000070d600000| Untracked 
|  25|0x000000070d800000, 0x000000070d800000, 0x000000070da00000|  0%| F|  |TAMS 0x000000070d800000, 0x000000070d800000| Untracked 
|  26|0x000000070da00000, 0x000000070da00000, 0x000000070dc00000|  0%| F|  |TAMS 0x000000070da00000, 0x000000070da00000| Untracked 
|  27|0x000000070dc00000, 0x000000070dc00000, 0x000000070de00000|  0%| F|  |TAMS 0x000000070dc00000, 0x000000070dc00000| Untracked 
|  28|0x000000070de00000, 0x000000070de00000, 0x000000070e000000|  0%| F|  |TAMS 0x000000070de00000, 0x000000070de00000| Untracked 
|  29|0x000000070e000000, 0x000000070e000000, 0x000000070e200000|  0%| F|  |TAMS 0x000000070e000000, 0x000000070e000000| Untracked 
|  30|0x000000070e200000, 0x000000070e200000, 0x000000070e400000|  0%| F|  |TAMS 0x000000070e200000, 0x000000070e200000| Untracked 
|  31|0x000000070e400000, 0x000000070e400000, 0x000000070e600000|  0%| F|  |TAMS 0x000000070e400000, 0x000000070e400000| Untracked 
|  32|0x000000070e600000, 0x000000070e600000, 0x000000070e800000|  0%| F|  |TAMS 0x000000070e600000, 0x000000070e600000| Untracked 
|  33|0x000000070e800000, 0x000000070e800000, 0x000000070ea00000|  0%| F|  |TAMS 0x000000070e800000, 0x000000070e800000| Untracked 
|  34|0x000000070ea00000, 0x000000070ea00000, 0x000000070ec00000|  0%| F|  |TAMS 0x000000070ea00000, 0x000000070ea00000| Untracked 
|  35|0x000000070ec00000, 0x000000070ec00000, 0x000000070ee00000|  0%| F|  |TAMS 0x000000070ec00000, 0x000000070ec00000| Untracked 
|  36|0x000000070ee00000, 0x000000070ee00000, 0x000000070f000000|  0%| F|  |TAMS 0x000000070ee00000, 0x000000070ee00000| Untracked 
|  37|0x000000070f000000, 0x000000070f000000, 0x000000070f200000|  0%| F|  |TAMS 0x000000070f000000, 0x000000070f000000| Untracked 
|  38|0x000000070f200000, 0x000000070f200000, 0x000000070f400000|  0%| F|  |TAMS 0x000000070f200000, 0x000000070f200000| Untracked 
|  39|0x000000070f400000, 0x000000070f400000, 0x000000070f600000|  0%| F|  |TAMS 0x000000070f400000, 0x000000070f400000| Untracked 
|  40|0x000000070f600000, 0x000000070f600000, 0x000000070f800000|  0%| F|  |TAMS 0x000000070f600000, 0x000000070f600000| Untracked 
|  41|0x000000070f800000, 0x000000070f800000, 0x000000070fa00000|  0%| F|  |TAMS 0x000000070f800000, 0x000000070f800000| Untracked 
|  42|0x000000070fa00000, 0x000000070fa00000, 0x000000070fc00000|  0%| F|  |TAMS 0x000000070fa00000, 0x000000070fa00000| Untracked 
|  43|0x000000070fc00000, 0x000000070fc00000, 0x000000070fe00000|  0%| F|  |TAMS 0x000000070fc00000, 0x000000070fc00000| Untracked 
|  44|0x000000070fe00000, 0x000000070fe00000, 0x0000000710000000|  0%| F|  |TAMS 0x000000070fe00000, 0x000000070fe00000| Untracked 
|  45|0x0000000710000000, 0x0000000710000000, 0x0000000710200000|  0%| F|  |TAMS 0x0000000710000000, 0x0000000710000000| Untracked 
|  46|0x0000000710200000, 0x0000000710200000, 0x0000000710400000|  0%| F|  |TAMS 0x0000000710200000, 0x0000000710200000| Untracked 
|  47|0x0000000710400000, 0x0000000710400000, 0x0000000710600000|  0%| F|  |TAMS 0x0000000710400000, 0x0000000710400000| Untracked 
|  48|0x0000000710600000, 0x0000000710600000, 0x0000000710800000|  0%| F|  |TAMS 0x0000000710600000, 0x0000000710600000| Untracked 
|  49|0x0000000710800000, 0x0000000710800000, 0x0000000710a00000|  0%| F|  |TAMS 0x0000000710800000, 0x0000000710800000| Untracked 
|  50|0x0000000710a00000, 0x0000000710a00000, 0x0000000710c00000|  0%| F|  |TAMS 0x0000000710a00000, 0x0000000710a00000| Untracked 
|  51|0x0000000710c00000, 0x0000000710c00000, 0x0000000710e00000|  0%| F|  |TAMS 0x0000000710c00000, 0x0000000710c00000| Untracked 
|  52|0x0000000710e00000, 0x0000000710e00000, 0x0000000711000000|  0%| F|  |TAMS 0x0000000710e00000, 0x0000000710e00000| Untracked 
|  53|0x0000000711000000, 0x0000000711000000, 0x0000000711200000|  0%| F|  |TAMS 0x0000000711000000, 0x0000000711000000| Untracked 
|  54|0x0000000711200000, 0x0000000711200000, 0x0000000711400000|  0%| F|  |TAMS 0x0000000711200000, 0x0000000711200000| Untracked 
|  55|0x0000000711400000, 0x0000000711400000, 0x0000000711600000|  0%| F|  |TAMS 0x0000000711400000, 0x0000000711400000| Untracked 
|  56|0x0000000711600000, 0x0000000711600000, 0x0000000711800000|  0%| F|  |TAMS 0x0000000711600000, 0x0000000711600000| Untracked 
|  57|0x0000000711800000, 0x0000000711800000, 0x0000000711a00000|  0%| F|  |TAMS 0x0000000711800000, 0x0000000711800000| Untracked 
|  58|0x0000000711a00000, 0x0000000711a00000, 0x0000000711c00000|  0%| F|  |TAMS 0x0000000711a00000, 0x0000000711a00000| Untracked 
|  59|0x0000000711c00000, 0x0000000711c00000, 0x0000000711e00000|  0%| F|  |TAMS 0x0000000711c00000, 0x0000000711c00000| Untracked 
|  60|0x0000000711e00000, 0x0000000711e00000, 0x0000000712000000|  0%| F|  |TAMS 0x0000000711e00000, 0x0000000711e00000| Untracked 
|  61|0x0000000712000000, 0x0000000712000000, 0x0000000712200000|  0%| F|  |TAMS 0x0000000712000000, 0x0000000712000000| Untracked 
|  62|0x0000000712200000, 0x0000000712200000, 0x0000000712400000|  0%| F|  |TAMS 0x0000000712200000, 0x0000000712200000| Untracked 
|  63|0x0000000712400000, 0x0000000712400000, 0x0000000712600000|  0%| F|  |TAMS 0x0000000712400000, 0x0000000712400000| Untracked 
|  64|0x0000000712600000, 0x0000000712600000, 0x0000000712800000|  0%| F|  |TAMS 0x0000000712600000, 0x0000000712600000| Untracked 
|  65|0x0000000712800000, 0x0000000712800000, 0x0000000712a00000|  0%| F|  |TAMS 0x0000000712800000, 0x0000000712800000| Untracked 
|  66|0x0000000712a00000, 0x0000000712a00000, 0x0000000712c00000|  0%| F|  |TAMS 0x0000000712a00000, 0x0000000712a00000| Untracked 
|  67|0x0000000712c00000, 0x0000000712c00000, 0x0000000712e00000|  0%| F|  |TAMS 0x0000000712c00000, 0x0000000712c00000| Untracked 
|  68|0x0000000712e00000, 0x0000000712e00000, 0x0000000713000000|  0%| F|  |TAMS 0x0000000712e00000, 0x0000000712e00000| Untracked 
|  69|0x0000000713000000, 0x0000000713000000, 0x0000000713200000|  0%| F|  |TAMS 0x0000000713000000, 0x0000000713000000| Untracked 
|  70|0x0000000713200000, 0x0000000713200000, 0x0000000713400000|  0%| F|  |TAMS 0x0000000713200000, 0x0000000713200000| Untracked 
|  71|0x0000000713400000, 0x0000000713400000, 0x0000000713600000|  0%| F|  |TAMS 0x0000000713400000, 0x0000000713400000| Untracked 
|  72|0x0000000713600000, 0x0000000713600000, 0x0000000713800000|  0%| F|  |TAMS 0x0000000713600000, 0x0000000713600000| Untracked 
|  73|0x0000000713800000, 0x0000000713800000, 0x0000000713a00000|  0%| F|  |TAMS 0x0000000713800000, 0x0000000713800000| Untracked 
|  74|0x0000000713a00000, 0x0000000713a00000, 0x0000000713c00000|  0%| F|  |TAMS 0x0000000713a00000, 0x0000000713a00000| Untracked 
|  75|0x0000000713c00000, 0x0000000713c00000, 0x0000000713e00000|  0%| F|  |TAMS 0x0000000713c00000, 0x0000000713c00000| Untracked 
|  76|0x0000000713e00000, 0x0000000713e00000, 0x0000000714000000|  0%| F|  |TAMS 0x0000000713e00000, 0x0000000713e00000| Untracked 
|  77|0x0000000714000000, 0x0000000714000000, 0x0000000714200000|  0%| F|  |TAMS 0x0000000714000000, 0x0000000714000000| Untracked 
|  78|0x0000000714200000, 0x0000000714200000, 0x0000000714400000|  0%| F|  |TAMS 0x0000000714200000, 0x0000000714200000| Untracked 
|  79|0x0000000714400000, 0x0000000714400000, 0x0000000714600000|  0%| F|  |TAMS 0x0000000714400000, 0x0000000714400000| Untracked 
|  80|0x0000000714600000, 0x0000000714600000, 0x0000000714800000|  0%| F|  |TAMS 0x0000000714600000, 0x0000000714600000| Untracked 
|  81|0x0000000714800000, 0x0000000714800000, 0x0000000714a00000|  0%| F|  |TAMS 0x0000000714800000, 0x0000000714800000| Untracked 
|  82|0x0000000714a00000, 0x0000000714a00000, 0x0000000714c00000|  0%| F|  |TAMS 0x0000000714a00000, 0x0000000714a00000| Untracked 
|  83|0x0000000714c00000, 0x0000000714c00000, 0x0000000714e00000|  0%| F|  |TAMS 0x0000000714c00000, 0x0000000714c00000| Untracked 
|  84|0x0000000714e00000, 0x0000000714e00000, 0x0000000715000000|  0%| F|  |TAMS 0x0000000714e00000, 0x0000000714e00000| Untracked 
|  85|0x0000000715000000, 0x0000000715000000, 0x0000000715200000|  0%| F|  |TAMS 0x0000000715000000, 0x0000000715000000| Untracked 
|  86|0x0000000715200000, 0x0000000715200000, 0x0000000715400000|  0%| F|  |TAMS 0x0000000715200000, 0x0000000715200000| Untracked 
|  87|0x0000000715400000, 0x0000000715400000, 0x0000000715600000|  0%| F|  |TAMS 0x0000000715400000, 0x0000000715400000| Untracked 
|  88|0x0000000715600000, 0x0000000715600000, 0x0000000715800000|  0%| F|  |TAMS 0x0000000715600000, 0x0000000715600000| Untracked 
|  89|0x0000000715800000, 0x0000000715800000, 0x0000000715a00000|  0%| F|  |TAMS 0x0000000715800000, 0x0000000715800000| Untracked 
|  90|0x0000000715a00000, 0x0000000715a00000, 0x0000000715c00000|  0%| F|  |TAMS 0x0000000715a00000, 0x0000000715a00000| Untracked 
|  91|0x0000000715c00000, 0x0000000715c00000, 0x0000000715e00000|  0%| F|  |TAMS 0x0000000715c00000, 0x0000000715c00000| Untracked 
|  92|0x0000000715e00000, 0x0000000715e00000, 0x0000000716000000|  0%| F|  |TAMS 0x0000000715e00000, 0x0000000715e00000| Untracked 
|  93|0x0000000716000000, 0x0000000716000000, 0x0000000716200000|  0%| F|  |TAMS 0x0000000716000000, 0x0000000716000000| Untracked 
|  94|0x0000000716200000, 0x0000000716200000, 0x0000000716400000|  0%| F|  |TAMS 0x0000000716200000, 0x0000000716200000| Untracked 
|  95|0x0000000716400000, 0x0000000716400000, 0x0000000716600000|  0%| F|  |TAMS 0x0000000716400000, 0x0000000716400000| Untracked 
|  96|0x0000000716600000, 0x0000000716600000, 0x0000000716800000|  0%| F|  |TAMS 0x0000000716600000, 0x0000000716600000| Untracked 
|  97|0x0000000716800000, 0x0000000716800000, 0x0000000716a00000|  0%| F|  |TAMS 0x0000000716800000, 0x0000000716800000| Untracked 
|  98|0x0000000716a00000, 0x0000000716a00000, 0x0000000716c00000|  0%| F|  |TAMS 0x0000000716a00000, 0x0000000716a00000| Untracked 
|  99|0x0000000716c00000, 0x0000000716c00000, 0x0000000716e00000|  0%| F|  |TAMS 0x0000000716c00000, 0x0000000716c00000| Untracked 
| 100|0x0000000716e00000, 0x0000000716e00000, 0x0000000717000000|  0%| F|  |TAMS 0x0000000716e00000, 0x0000000716e00000| Untracked 
| 101|0x0000000717000000, 0x0000000717000000, 0x0000000717200000|  0%| F|  |TAMS 0x0000000717000000, 0x0000000717000000| Untracked 
| 102|0x0000000717200000, 0x0000000717200000, 0x0000000717400000|  0%| F|  |TAMS 0x0000000717200000, 0x0000000717200000| Untracked 
| 103|0x0000000717400000, 0x0000000717400000, 0x0000000717600000|  0%| F|  |TAMS 0x0000000717400000, 0x0000000717400000| Untracked 
| 104|0x0000000717600000, 0x0000000717600000, 0x0000000717800000|  0%| F|  |TAMS 0x0000000717600000, 0x0000000717600000| Untracked 
| 105|0x0000000717800000, 0x0000000717800000, 0x0000000717a00000|  0%| F|  |TAMS 0x0000000717800000, 0x0000000717800000| Untracked 
| 106|0x0000000717a00000, 0x0000000717a00000, 0x0000000717c00000|  0%| F|  |TAMS 0x0000000717a00000, 0x0000000717a00000| Untracked 
| 107|0x0000000717c00000, 0x0000000717c00000, 0x0000000717e00000|  0%| F|  |TAMS 0x0000000717c00000, 0x0000000717c00000| Untracked 
| 108|0x0000000717e00000, 0x0000000717e00000, 0x0000000718000000|  0%| F|  |TAMS 0x0000000717e00000, 0x0000000717e00000| Untracked 
| 109|0x0000000718000000, 0x0000000718000000, 0x0000000718200000|  0%| F|  |TAMS 0x0000000718000000, 0x0000000718000000| Untracked 
| 110|0x0000000718200000, 0x0000000718200000, 0x0000000718400000|  0%| F|  |TAMS 0x0000000718200000, 0x0000000718200000| Untracked 
| 111|0x0000000718400000, 0x0000000718400000, 0x0000000718600000|  0%| F|  |TAMS 0x0000000718400000, 0x0000000718400000| Untracked 
| 112|0x0000000718600000, 0x0000000718600000, 0x0000000718800000|  0%| F|  |TAMS 0x0000000718600000, 0x0000000718600000| Untracked 
| 113|0x0000000718800000, 0x0000000718800000, 0x0000000718a00000|  0%| F|  |TAMS 0x0000000718800000, 0x0000000718800000| Untracked 
| 114|0x0000000718a00000, 0x0000000718c00000, 0x0000000718c00000|100%| E|  |TAMS 0x0000000718a00000, 0x0000000718a00000| Complete 
| 115|0x0000000718c00000, 0x0000000718e00000, 0x0000000718e00000|100%| E|CS|TAMS 0x0000000718c00000, 0x0000000718c00000| Complete 
| 116|0x0000000718e00000, 0x0000000719000000, 0x0000000719000000|100%| E|CS|TAMS 0x0000000718e00000, 0x0000000718e00000| Complete 
| 117|0x0000000719000000, 0x0000000719200000, 0x0000000719200000|100%| E|CS|TAMS 0x0000000719000000, 0x0000000719000000| Complete 
| 118|0x0000000719200000, 0x0000000719400000, 0x0000000719400000|100%| E|CS|TAMS 0x0000000719200000, 0x0000000719200000| Complete 
| 119|0x0000000719400000, 0x0000000719600000, 0x0000000719600000|100%| E|CS|TAMS 0x0000000719400000, 0x0000000719400000| Complete 
| 120|0x0000000719600000, 0x0000000719800000, 0x0000000719800000|100%| E|CS|TAMS 0x0000000719600000, 0x0000000719600000| Complete 
| 121|0x0000000719800000, 0x0000000719a00000, 0x0000000719a00000|100%| E|CS|TAMS 0x0000000719800000, 0x0000000719800000| Complete 
| 122|0x0000000719a00000, 0x0000000719c00000, 0x0000000719c00000|100%| E|CS|TAMS 0x0000000719a00000, 0x0000000719a00000| Complete 

Card table byte_map: [0x0000029754730000,0x0000029754ee0000] _byte_map_base: 0x0000029750edd000

Marking Bits (Prev, Next): (CMBitMap*) 0x000002973d1656d0, (CMBitMap*) 0x000002973d165710
 Prev Bits: [0x0000029755690000, 0x00000297593f8000)
 Next Bits: [0x0000029759400000, 0x000002975d168000)

Polling page: 0x000002973b020000

Metaspace:

Usage:
  Non-class:      3.38 MB used.
      Class:    343.74 KB used.
       Both:      3.72 MB used.

Virtual space:
  Non-class space:       64.00 MB reserved,       3.50 MB (  5%) committed,  1 nodes.
      Class space:        1.00 GB reserved,     448.00 KB ( <1%) committed,  1 nodes.
             Both:        1.06 GB reserved,       3.94 MB ( <1%) committed. 

Chunk freelists:
   Non-Class:  3.48 MB
       Class:  3.55 MB
        Both:  7.03 MB

MaxMetaspaceSize: unlimited
CompressedClassSpaceSize: 1.00 GB
Initial GC threshold: 21.00 MB
Current GC threshold: 21.00 MB
CDS: on
MetaspaceReclaimPolicy: balanced
 - commit_granule_bytes: 65536.
 - commit_granule_words: 8192.
 - virtual_space_node_default_size: 8388608.
 - enlarge_chunks_in_place: 1.
 - new_chunks_are_fully_committed: 0.
 - uncommit_free_chunks: 1.
 - use_allocation_guard: 0.


Internal statistics:

num_allocs_failed_limit: 0.
num_arena_births: 40.
num_arena_deaths: 0.
num_vsnodes_births: 2.
num_vsnodes_deaths: 0.
num_space_committed: 63.
num_space_uncommitted: 0.
num_chunks_returned_to_freelist: 0.
num_chunks_taken_from_freelist: 68.
num_chunk_merges: 0.
num_chunk_splits: 46.
num_chunks_enlarged: 33.
num_inconsistent_stats: 0.

CodeHeap 'non-profiled nmethods': size=120000Kb used=386Kb max_used=386Kb free=119613Kb
 bounds [0x000002974c500000, 0x000002974c770000, 0x0000029753a30000]
CodeHeap 'profiled nmethods': size=120000Kb used=1667Kb max_used=1667Kb free=118332Kb
 bounds [0x0000029744fd0000, 0x0000029745240000, 0x000002974c500000]
CodeHeap 'non-nmethods': size=5760Kb used=1222Kb max_used=1239Kb free=4537Kb
 bounds [0x0000029744a30000, 0x0000029744ca0000, 0x0000029744fd0000]
 total_blobs=1417 nmethods=984 adapters=346
 compilation: enabled
              stopped_count=0, restarted_count=0
 full_count=0

Compilation events (20 events):
Event: 104.635 Thread 0x000002975f773ab0  977       3       java.util.TreeMap$TreeMapSpliterator::estimateSize (6 bytes)
Event: 104.635 Thread 0x000002975f773ab0 nmethod 977 0x000002974516e110 code [0x000002974516e2a0, 0x000002974516e3e8]
Event: 104.635 Thread 0x000002975f773ab0  978       3       java.util.TreeMap$TreeMapSpliterator::getEstimate (68 bytes)
Event: 104.636 Thread 0x000002975f773ab0 nmethod 978 0x000002974516e490 code [0x000002974516e660, 0x000002974516eb98]
Event: 104.636 Thread 0x000002975f773ab0  979       3       java.util.TreeMap::navigableKeySet (27 bytes)
Event: 104.637 Thread 0x000002975f773ab0 nmethod 979 0x000002974516ed90 code [0x000002974516ef60, 0x000002974516f358]
Event: 104.637 Thread 0x000002975f773ab0  980       3       java.util.TreeMap::keySet (5 bytes)
Event: 104.637 Thread 0x000002975f773ab0 nmethod 980 0x000002974516f490 code [0x000002974516f640, 0x000002974516f788]
Event: 104.637 Thread 0x000002975f773ab0  982       3       java.util.ImmutableCollections$ListN::get (7 bytes)
Event: 104.637 Thread 0x000002975f773ab0 nmethod 982 0x000002974516f810 code [0x000002974516f9a0, 0x000002974516fad8]
Event: 104.637 Thread 0x000002975f773ab0  984       3       java.util.ImmutableCollections$AbstractImmutableList::<init> (5 bytes)
Event: 104.637 Thread 0x000002975f773ab0 nmethod 984 0x000002974516fb90 code [0x000002974516fd40, 0x000002974516ff78]
Event: 104.637 Thread 0x000002975f773ab0  983       3       java.util.ImmutableCollections$ListN::<init> (15 bytes)
Event: 104.637 Thread 0x000002975f773ab0 nmethod 983 0x0000029745170090 code [0x0000029745170240, 0x0000029745170538]
Event: 104.638 Thread 0x000002975f773ab0  985       1       java.util.stream.Node::getChildCount (2 bytes)
Event: 104.638 Thread 0x000002975f773ab0 nmethod 985 0x000002974c560510 code [0x000002974c5606a0, 0x000002974c560778]
Event: 104.638 Thread 0x000002975f773ab0  981       1       java.lang.Double::doubleValue (5 bytes)
Event: 104.638 Thread 0x000002975f773ab0 nmethod 981 0x000002974c560810 code [0x000002974c5609a0, 0x000002974c560a78]
Event: 1886.261 Thread 0x000002975f773ab0  986       3       org.eclipse.jdt.launching.internal.org.objectweb.asm.ByteVector::putInt (74 bytes)
Event: 1886.262 Thread 0x000002975f773ab0 nmethod 986 0x0000029745170690 code [0x0000029745170840, 0x0000029745170aa8]

GC Heap History (0 events):
No events

Deoptimization events (20 events):
Event: 0.807 Thread 0x000002973d0f5650 Uncommon trap: trap_request=0xffffffde fr.pc=0x000002974c5595c0 relative=0x0000000000000120
Event: 0.807 Thread 0x000002973d0f5650 Uncommon trap: reason=class_check action=maybe_recompile pc=0x000002974c5595c0 method=jdk.internal.misc.Unsafe.allocateUninitializedArray(Ljava/lang/Class;I)Ljava/lang/Object; @ 51 c2
Event: 0.807 Thread 0x000002973d0f5650 DEOPT PACKING pc=0x000002974c5595c0 sp=0x0000009f1eaff100
Event: 0.807 Thread 0x000002973d0f5650 DEOPT UNPACKING pc=0x0000029744a823a3 sp=0x0000009f1eaff088 mode 2
Event: 0.808 Thread 0x000002973d0f5650 Uncommon trap: trap_request=0xffffffde fr.pc=0x000002974c5595c0 relative=0x0000000000000120
Event: 0.808 Thread 0x000002973d0f5650 Uncommon trap: reason=class_check action=maybe_recompile pc=0x000002974c5595c0 method=jdk.internal.misc.Unsafe.allocateUninitializedArray(Ljava/lang/Class;I)Ljava/lang/Object; @ 51 c2
Event: 0.808 Thread 0x000002973d0f5650 DEOPT PACKING pc=0x000002974c5595c0 sp=0x0000009f1eaff100
Event: 0.808 Thread 0x000002973d0f5650 DEOPT UNPACKING pc=0x0000029744a823a3 sp=0x0000009f1eaff088 mode 2
Event: 0.845 Thread 0x000002973d0f5650 Uncommon trap: trap_request=0xffffff45 fr.pc=0x000002974c55c754 relative=0x0000000000000694
Event: 0.845 Thread 0x000002973d0f5650 Uncommon trap: reason=unstable_if action=reinterpret pc=0x000002974c55c754 method=org.eclipse.jdt.launching.internal.org.objectweb.asm.ClassReader.readUtf(II[C)Ljava/lang/String; @ 41 c2
Event: 0.845 Thread 0x000002973d0f5650 DEOPT PACKING pc=0x000002974c55c754 sp=0x0000009f1eafbfb0
Event: 0.845 Thread 0x000002973d0f5650 DEOPT UNPACKING pc=0x0000029744a823a3 sp=0x0000009f1eafbf98 mode 2
Event: 0.845 Thread 0x000002973d0f5650 Uncommon trap: trap_request=0xffffff45 fr.pc=0x000002974c5186ac relative=0x00000000000001ac
Event: 0.845 Thread 0x000002973d0f5650 Uncommon trap: reason=unstable_if action=reinterpret pc=0x000002974c5186ac method=java.lang.String.isLatin1()Z @ 10 c2
Event: 0.845 Thread 0x000002973d0f5650 DEOPT PACKING pc=0x000002974c5186ac sp=0x0000009f1eafc080
Event: 0.845 Thread 0x000002973d0f5650 DEOPT UNPACKING pc=0x0000029744a823a3 sp=0x0000009f1eafbfb0 mode 2
Event: 0.845 Thread 0x000002973d0f5650 Uncommon trap: trap_request=0xffffff45 fr.pc=0x000002974c506860 relative=0x0000000000000060
Event: 0.845 Thread 0x000002973d0f5650 Uncommon trap: reason=unstable_if action=reinterpret pc=0x000002974c506860 method=java.lang.String.isLatin1()Z @ 10 c2
Event: 0.845 Thread 0x000002973d0f5650 DEOPT PACKING pc=0x000002974c506860 sp=0x0000009f1eafc000
Event: 0.845 Thread 0x000002973d0f5650 DEOPT UNPACKING pc=0x0000029744a823a3 sp=0x0000009f1eafbfa0 mode 2

Classes loaded (20 events):
Event: 0.843 Loading class java/util/stream/Node$OfLong done
Event: 0.843 Loading class java/util/stream/Nodes$EmptyNode$OfLong done
Event: 0.843 Loading class java/util/stream/Nodes$EmptyNode$OfDouble
Event: 0.843 Loading class java/util/stream/Node$OfDouble
Event: 0.843 Loading class java/util/stream/Node$OfDouble done
Event: 0.843 Loading class java/util/stream/Nodes$EmptyNode$OfDouble done
Event: 0.843 Loading class java/util/stream/Nodes$FixedNodeBuilder
Event: 0.843 Loading class java/util/stream/Node$Builder
Event: 0.843 Loading class java/util/stream/Node$Builder done
Event: 0.843 Loading class java/util/stream/Nodes$ArrayNode
Event: 0.843 Loading class java/util/stream/Nodes$ArrayNode done
Event: 0.843 Loading class java/util/stream/Nodes$FixedNodeBuilder done
Event: 0.843 Loading class java/util/stream/IntPipeline$1$1
Event: 0.843 Loading class java/util/stream/IntPipeline$1$1 done
Event: 0.848 Loading class java/util/TreeMap$KeySpliterator
Event: 0.848 Loading class java/util/TreeMap$TreeMapSpliterator
Event: 0.848 Loading class java/util/TreeMap$TreeMapSpliterator done
Event: 0.848 Loading class java/util/TreeMap$KeySpliterator done
Event: 49.211 Loading class java/util/LinkedList$Node
Event: 49.211 Loading class java/util/LinkedList$Node done

Classes unloaded (0 events):
No events

Classes redefined (2 events):
Event: 625.728 Thread 0x000002975f73ddb0 redefined class name=ejercicio1.InRangeEjercicio1AG, count=1
Event: 1886.264 Thread 0x000002975f73ddb0 redefined class name=ejercicio1.InRangeEjercicio1AG, count=2

Internal exceptions (7 events):
Event: 0.108 Thread 0x000002973d0f5650 Exception <a 'java/lang/NoSuchMethodError'{0x0000000719b232a0}: 'void java.lang.invoke.DirectMethodHandle$Holder.invokeVirtual(java.lang.Object, java.lang.Object)'> (0x0000000719b232a0) 
thrown [s\open\src\hotspot\share\interpreter\linkResolver.cpp, line 759]
Event: 0.349 Thread 0x000002973d0f5650 Exception <a 'java/lang/NoSuchMethodError'{0x0000000719062328}: 'void java.lang.invoke.DirectMethodHandle$Holder.invokeSpecial(java.lang.Object, java.lang.Object, java.lang.Object, java.lang.Object, java.lang.Object)'> (0x0000000719062328) 
thrown [s\open\src\hotspot\share\interpreter\linkResolver.cpp, line 759]
Event: 0.355 Thread 0x000002973d0f5650 Exception <a 'java/lang/NoSuchMethodError'{0x0000000719078628}: 'java.lang.Object java.lang.invoke.DirectMethodHandle$Holder.invokeInterface(java.lang.Object, java.lang.Object)'> (0x0000000719078628) 
thrown [s\open\src\hotspot\share\interpreter\linkResolver.cpp, line 759]
Event: 0.356 Thread 0x000002973d0f5650 Exception <a 'java/lang/IncompatibleClassChangeError'{0x000000071907bb70}: Found class java.lang.Object, but interface was expected> (0x000000071907bb70) 
thrown [s\open\src\hotspot\share\interpreter\linkResolver.cpp, line 826]
Event: 0.357 Thread 0x000002973d0f5650 Exception <a 'java/lang/NoSuchMethodError'{0x000000071907ecb0}: 'void java.lang.invoke.DirectMethodHandle$Holder.invokeStatic(java.lang.Object, java.lang.Object, java.lang.Object, java.lang.Object)'> (0x000000071907ecb0) 
thrown [s\open\src\hotspot\share\interpreter\linkResolver.cpp, line 759]
Event: 0.719 Thread 0x000002973d0f5650 Exception <a 'java/lang/NoSuchMethodError'{0x0000000718ca63b8}: 'void java.lang.invoke.DirectMethodHandle$Holder.invokeStatic(java.lang.Object, java.lang.Object, java.lang.Object)'> (0x0000000718ca63b8) 
thrown [s\open\src\hotspot\share\interpreter\linkResolver.cpp, line 759]
Event: 0.724 Thread 0x000002973d0f5650 Exception <a 'java/lang/NoSuchMethodError'{0x0000000718cb94d8}: 'java.lang.Object java.lang.invoke.Invokers$Holder.invokeExact_MT(java.lang.Object, java.lang.Object, java.lang.Object, java.lang.Object, java.lang.Object)'> (0x0000000718cb94d8) 
thrown [s\open\src\hotspot\share\interpreter\linkResolver.cpp, line 759]

VM Operations (20 events):
Event: 891.675 Executing VM operation: get/set locals
Event: 891.675 Executing VM operation: get/set locals done
Event: 891.676 Executing VM operation: get/set locals
Event: 891.676 Executing VM operation: get/set locals done
Event: 903.839 Executing VM operation: get/set locals
Event: 903.840 Executing VM operation: get/set locals done
Event: 1886.257 Executing VM operation: ChangeSingleStep
Event: 1886.257 Executing VM operation: ChangeSingleStep done
Event: 1886.257 Executing VM operation: ChangeSingleStep
Event: 1886.257 Executing VM operation: ChangeSingleStep done
Event: 1886.262 Executing VM operation: RedefineClasses
Event: 1886.268 Executing VM operation: RedefineClasses done
Event: 1886.275 Executing VM operation: ChangeBreakpoints
Event: 1886.276 Executing VM operation: ChangeBreakpoints done
Event: 1886.278 Executing VM operation: ChangeSingleStep
Event: 1886.278 Executing VM operation: ChangeSingleStep done
Event: 1886.278 Executing VM operation: get/set locals
Event: 1886.279 Executing VM operation: get/set locals done
Event: 1886.279 Executing VM operation: ChangeSingleStep
Event: 1886.279 Executing VM operation: ChangeSingleStep done

Events (20 events):
Event: 0.051 Thread 0x000002975f761850 Thread added: 0x000002975f761850
Event: 0.051 Thread 0x000002975f765440 Thread added: 0x000002975f765440
Event: 0.051 Thread 0x000002975f773ab0 Thread added: 0x000002975f773ab0
Event: 0.051 Thread 0x000002975f766a40 Thread added: 0x000002975f766a40
Event: 0.081 Thread 0x0000029764081740 Thread added: 0x0000029764081740
Event: 0.089 Loaded shared library C:\Program Files\Java\jdk-18.0.2.1\bin\net.dll
Event: 0.092 Loaded shared library C:\Program Files\Java\jdk-18.0.2.1\bin\nio.dll
Event: 0.162 Thread 0x00000297641c7eb0 Thread added: 0x00000297641c7eb0
Event: 0.198 Loaded shared library C:\Program Files\Java\jdk-18.0.2.1\bin\zip.dll
Event: 0.251 Thread 0x0000029764226270 Thread added: 0x0000029764226270
Event: 0.401 Thread 0x0000029764890b00 Thread added: 0x0000029764890b00
Event: 0.402 Thread 0x00000297647573d0 Thread added: 0x00000297647573d0
Event: 0.402 Thread 0x00000297647578b0 Thread added: 0x00000297647578b0
Event: 0.529 Loaded shared library C:\Program Files\Java\jdk-18.0.2.1\bin\zip.dll
Event: 0.533 Loaded shared library C:\Program Files\Java\jdk-18.0.2.1\bin\instrument.dll
Event: 0.627 Loaded shared library C:\Program Files\Java\jdk-18.0.2.1\bin\jimage.dll
Event: 0.731 Thread 0x000002976493e0b0 Thread added: 0x000002976493e0b0
Event: 0.740 Loaded shared library C:\Program Files\Java\jdk-18.0.2.1\bin\verify.dll
Event: 5.853 Thread 0x0000029764226270 Thread exited: 0x0000029764226270
Event: 5.853 Thread 0x00000297641c7eb0 Thread exited: 0x00000297641c7eb0


Dynamic libraries:
0x00007ff6cd740000 - 0x00007ff6cd750000 	C:\Program Files\Java\jdk-18.0.2.1\bin\javaw.exe
0x00007ff8aed10000 - 0x00007ff8aef08000 	C:\Windows\SYSTEM32\ntdll.dll
0x00007ff8ad5b0000 - 0x00007ff8ad66f000 	C:\Windows\System32\KERNEL32.DLL
0x00007ff8ac5e0000 - 0x00007ff8ac8b2000 	C:\Windows\System32\KERNELBASE.dll
0x00007ff8ac8c0000 - 0x00007ff8ac9c0000 	C:\Windows\System32\ucrtbase.dll
0x00007ff887730000 - 0x00007ff88774a000 	C:\Program Files\Java\jdk-18.0.2.1\bin\VCRUNTIME140.dll
0x00007ff887750000 - 0x00007ff887768000 	C:\Program Files\Java\jdk-18.0.2.1\bin\jli.dll
0x00007ff8ace70000 - 0x00007ff8acf1e000 	C:\Windows\System32\ADVAPI32.dll
0x00007ff8add20000 - 0x00007ff8addbe000 	C:\Windows\System32\msvcrt.dll
0x00007ff8ae170000 - 0x00007ff8ae20c000 	C:\Windows\System32\sechost.dll
0x00007ff8ae2a0000 - 0x00007ff8ae3c5000 	C:\Windows\System32\RPCRT4.dll
0x00007ff8adfc0000 - 0x00007ff8ae161000 	C:\Windows\System32\USER32.dll
0x00007ff8ac4b0000 - 0x00007ff8ac4d2000 	C:\Windows\System32\win32u.dll
0x00007ff894b70000 - 0x00007ff894e0a000 	C:\Windows\WinSxS\amd64_microsoft.windows.common-controls_6595b64144ccf1df_6.0.19041.1110_none_60b5254171f9507e\COMCTL32.dll
0x00007ff8addc0000 - 0x00007ff8addeb000 	C:\Windows\System32\GDI32.dll
0x00007ff8acc50000 - 0x00007ff8acd5f000 	C:\Windows\System32\gdi32full.dll
0x00007ff8ac410000 - 0x00007ff8ac4ad000 	C:\Windows\System32\msvcp_win.dll
0x00007ff8a58b0000 - 0x00007ff8a58ba000 	C:\Windows\SYSTEM32\VERSION.dll
0x00007ff8ae210000 - 0x00007ff8ae240000 	C:\Windows\System32\IMM32.DLL
0x00007ff8877d0000 - 0x00007ff8877dc000 	C:\Program Files\Java\jdk-18.0.2.1\bin\vcruntime140_1.dll
0x00007ff86c110000 - 0x00007ff86c19d000 	C:\Program Files\Java\jdk-18.0.2.1\bin\msvcp140.dll
0x00007ff868ce0000 - 0x00007ff8698f1000 	C:\Program Files\Java\jdk-18.0.2.1\bin\server\jvm.dll
0x00007ff8ad710000 - 0x00007ff8ad718000 	C:\Windows\System32\PSAPI.DLL
0x00007ff8a1770000 - 0x00007ff8a1797000 	C:\Windows\SYSTEM32\WINMM.dll
0x00007ff887720000 - 0x00007ff887729000 	C:\Windows\SYSTEM32\WSOCK32.dll
0x00007ff8ad720000 - 0x00007ff8ad78b000 	C:\Windows\System32\WS2_32.dll
0x00007ff8aa2d0000 - 0x00007ff8aa2e2000 	C:\Windows\SYSTEM32\kernel.appcore.dll
0x00007ff887710000 - 0x00007ff88771a000 	C:\Program Files\Java\jdk-18.0.2.1\bin\jimage.dll
0x00007ff8963c0000 - 0x00007ff8965a4000 	C:\Windows\SYSTEM32\DBGHELP.DLL
0x00007ff8915b0000 - 0x00007ff8915e5000 	C:\Windows\SYSTEM32\dbgcore.DLL
0x00007ff8ac9c0000 - 0x00007ff8aca42000 	C:\Windows\System32\bcryptPrimitives.dll
0x00007ff899080000 - 0x00007ff8990bb000 	C:\Program Files\Java\jdk-18.0.2.1\bin\jdwp.dll
0x00007ff8a9400000 - 0x00007ff8a940e000 	C:\Program Files\Java\jdk-18.0.2.1\bin\instrument.dll
0x00007ff8876e0000 - 0x00007ff887705000 	C:\Program Files\Java\jdk-18.0.2.1\bin\java.dll
0x00007ff86c030000 - 0x00007ff86c106000 	C:\Program Files\Java\jdk-18.0.2.1\bin\jsvml.dll
0x00007ff8ae580000 - 0x00007ff8aecc5000 	C:\Windows\System32\SHELL32.dll
0x00007ff8aa4d0000 - 0x00007ff8aac62000 	C:\Windows\SYSTEM32\windows.storage.dll
0x00007ff8ad8d0000 - 0x00007ff8adc25000 	C:\Windows\System32\combase.dll
0x00007ff8abd90000 - 0x00007ff8abdc0000 	C:\Windows\SYSTEM32\Wldp.dll
0x00007ff8addf0000 - 0x00007ff8ade9d000 	C:\Windows\System32\SHCORE.dll
0x00007ff8ae240000 - 0x00007ff8ae295000 	C:\Windows\System32\shlwapi.dll
0x00007ff8ac350000 - 0x00007ff8ac36f000 	C:\Windows\SYSTEM32\profapi.dll
0x00007ff86c010000 - 0x00007ff86c023000 	C:\Program Files\Java\jdk-18.0.2.1\bin\net.dll
0x00007ff8a2300000 - 0x00007ff8a240a000 	C:\Windows\SYSTEM32\WINHTTP.dll
0x00007ff8abaf0000 - 0x00007ff8abb5a000 	C:\Windows\system32\mswsock.dll
0x00007ff86bff0000 - 0x00007ff86c006000 	C:\Program Files\Java\jdk-18.0.2.1\bin\nio.dll
0x00007ff86bfd0000 - 0x00007ff86bfe8000 	C:\Program Files\Java\jdk-18.0.2.1\bin\zip.dll
0x00007ff8a7e40000 - 0x00007ff8a7e4c000 	C:\Program Files\Java\jdk-18.0.2.1\bin\dt_socket.dll
0x00007ff8ab7e0000 - 0x00007ff8ab81b000 	C:\Windows\SYSTEM32\IPHLPAPI.DLL
0x00007ff8ab820000 - 0x00007ff8ab8eb000 	C:\Windows\SYSTEM32\DNSAPI.dll
0x00007ff8ad5a0000 - 0x00007ff8ad5a8000 	C:\Windows\System32\NSI.dll
0x00007ff895300000 - 0x00007ff89530a000 	C:\Windows\System32\rasadhlp.dll
0x00007ff895c90000 - 0x00007ff895d10000 	C:\Windows\System32\fwpuclnt.dll
0x00007ff8aca50000 - 0x00007ff8aca77000 	C:\Windows\System32\bcrypt.dll
0x00007ff8876d0000 - 0x00007ff8876e0000 	C:\Program Files\Java\jdk-18.0.2.1\bin\verify.dll

dbghelp: loaded successfully - version: 4.0.5 - missing functions: none
symbol engine: initialized successfully - sym options: 0x614 - pdb path: .;C:\Program Files\Java\jdk-18.0.2.1\bin;C:\Windows\SYSTEM32;C:\Windows\WinSxS\amd64_microsoft.windows.common-controls_6595b64144ccf1df_6.0.19041.1110_none_60b5254171f9507e;C:\Program Files\Java\jdk-18.0.2.1\bin\server

VM Arguments:
jvm_args: -XX:+ShowCodeDetailsInExceptionMessages -agentlib:jdwp=transport=dt_socket,suspend=y,address=localhost:49816 --enable-preview -javaagent:C:\Users\Dani\eclipse\java-2022-06\eclipse\configuration\org.eclipse.osgi\215\0\.cp\lib\javaagent-shaded.jar -Dfile.encoding=UTF-8 --module-path=C:\Users\Dani\Desktop\workspace adda23\PI4_marrogar60\bin;C:\Users\Dani\git\ada_v2_18\java\Geneticos\bin;C:\Users\Dani\git\ada_v2_18\java\ParteComun\target\classes;C:\Users\Dani\git\ada_v2_18\java\ParteComun\lib\antlr4-runtime-4.9.2.jar;C:\Users\Dani\git\ada_v2_18\java\ParteComun\lib\jgrapht-core-1.5.0.jar;C:\Users\Dani\git\ada_v2_18\java\ParteComun\lib\jgrapht-io-1.5.0.jar;C:\Users\Dani\git\ada_v2_18\java\ParteComun\lib\jheaps-0.13.jar;C:\Users\Dani\git\ada_v2_18\java\ParteComun\lib\commons-text-1.8.jar;C:\Users\Dani\git\ada_v2_18\java\ParteComun\lib\commons-math3-3.6.1.jar;C:\Users\Dani\git\ada_v2_18\java\ParteComun\lib\juniversalchardet-1.0.3.jar;C:\Users\Dani\git\ada_v2_18\java\ParteComun\lib\matplotlib4j-0.5.1.jar;C:\Users\Dani\git\ada_v2_18\java\ParteComun\lib\slf4j-api-1.7.7.jar;C:\Users\Dani\git\ada_v2_18\java\ParteComun\lib\slf4j-log4j12-1.7.7.jar;C:\Users\Dani\git\ada_v2_18\java\ParteComun\lib\log4j-1.2.17.jar;C:\Users\Dani\git\ada_v2_18\java\ParteComun\lib\guava-15.0.jar;C:\Users\Dani\git\ada_v2_18\java\Grafos\bin;C:\Users\Dani\git\ada_v2_18\java\Solve\bin;C:\Users\Dani\git\ada_v2_18\java\DatosCompartidos\bin;C:\Users\Dani\git\ada_v2_18\java\Solve\lib\gurobi.jar;C:\Users\Dani\git\ada_v2_18\java\Solve\lib\antlr4-runtime-4.9.2.jar;C:\Users\Dani\git\ada_v2_18\java\Grafos\lib\commons-lang3-3.9.jar;C:\Users\Dani\git\ada_v2_18\java\Grafos\lib\commons-text-1.8.jar;C:\Users\Dani\git\ada_v2_18\java\Grafos\lib\jgrapht-core-1.5.0.jar;C:\Users\Dani\git\ada_v2_18\java\Grafos\lib\jgrapht-io-1.5.0.jar;C:\Users\Dani\git\ada_v2_18\java\Grafos\lib\jheaps-0.13.jar;C:\Users\Dani\git\ada_v2_18\java\Geneticos\lib\commons-math3-3.2.jar;C:\Users\Dani\git\ada_v2_18\java\Geneticos\lib\jgrapht-core-1.2.0.jar -Djdk.module.main=pi42223 
java_command: pi42223/ejercicio1.TestEjercicio1AGRange
java_class_path (initial): <not set>
Launcher Type: SUN_STANDARD

[Global flags]
     intx CICompilerCount                          = 4                                         {product} {ergonomic}
     uint ConcGCThreads                            = 3                                         {product} {ergonomic}
     uint G1ConcRefinementThreads                  = 10                                        {product} {ergonomic}
   size_t G1HeapRegionSize                         = 2097152                                   {product} {ergonomic}
    uintx GCDrainStackTargetSize                   = 64                                        {product} {ergonomic}
   size_t InitialHeapSize                          = 257949696                                 {product} {ergonomic}
   size_t MarkStackSize                            = 4194304                                   {product} {ergonomic}
   size_t MaxHeapSize                              = 4120903680                                {product} {ergonomic}
   size_t MaxNewSize                               = 2472542208                                {product} {ergonomic}
   size_t MinHeapDeltaBytes                        = 2097152                                   {product} {ergonomic}
   size_t MinHeapSize                              = 8388608                                   {product} {ergonomic}
    uintx NonNMethodCodeHeapSize                   = 5839372                                {pd product} {ergonomic}
    uintx NonProfiledCodeHeapSize                  = 122909434                              {pd product} {ergonomic}
    uintx ProfiledCodeHeapSize                     = 122909434                              {pd product} {ergonomic}
    uintx ReservedCodeCacheSize                    = 251658240                              {pd product} {ergonomic}
     bool SegmentedCodeCache                       = true                                      {product} {ergonomic}
     bool ShowCodeDetailsInExceptionMessages       = true                                   {manageable} {command line}
   size_t SoftMaxHeapSize                          = 4120903680                             {manageable} {ergonomic}
     bool UseCompressedClassPointers               = true                           {product lp64_product} {ergonomic}
     bool UseCompressedOops                        = true                           {product lp64_product} {ergonomic}
     bool UseG1GC                                  = true                                      {product} {ergonomic}
     bool UseLargePagesIndividualAllocation        = false                                  {pd product} {ergonomic}

Logging:
Log output configuration:
 #0: stdout all=warning uptime,level,tags foldmultilines=false
 #1: stderr all=off uptime,level,tags foldmultilines=false

Environment Variables:
PATH=C:\gurobi950\win64\bin;C:\Program Files\Common Files\Oracle\Java\javapath;C:\Windows\system32;C:\Windows;C:\Windows\System32\Wbem;C:\Windows\System32\WindowsPowerShell\v1.0\;C:\Windows\System32\OpenSSH\;C:\Program Files\Git\cmd;C:\Program Files\TortoiseGit\bin;C:\Program Files\MySQL\MySQL Shell 8.0\bin\;C:\Users\Dani\AppData\Local\Programs\Python\Python310\Scripts\;C:\Users\Dani\AppData\Local\Programs\Python\Python310\;C:\Users\Dani\AppData\Local\Microsoft\WindowsApps;;C:\Users\Dani\AppData\Local\Programs\Microsoft VS Code\bin
USERNAME=Dani
OS=Windows_NT
PROCESSOR_IDENTIFIER=AMD64 Family 25 Model 80 Stepping 0, AuthenticAMD



---------------  S Y S T E M  ---------------

OS:
 Windows 10 , 64 bit Build 19041 (10.0.19041.2546)
OS uptime: 0 days 1:34 hours

CPU: total 12 (initial active 12) (12 cores per cpu, 2 threads per core) family 25 model 80 stepping 0 microcode 0x0, cx8, cmov, fxsr, ht, mmx, 3dnowpref, sse, sse2, sse3, ssse3, sse4a, sse4.1, sse4.2, popcnt, lzcnt, tsc, tscinvbit, avx, avx2, aes, erms, clmul, bmi1, bmi2, adx, sha, fma, vzeroupper, clflush, clflushopt

Memory: 4k page, system-wide physical 15716M (10708M free)
TotalPageFile size 18148M (AvailPageFile size 10693M)
current process WorkingSet (physical memory assigned to process): 59M, peak: 66M
current process commit charge ("private bytes"): 345M, peak: 350M

vm_info: Java HotSpot(TM) 64-Bit Server VM (18.0.2.1+1-1) for windows-amd64 JRE (18.0.2.1+1-1), built on Aug 16 2022 01:46:33 by "mach5one" with MS VC++ 16.8 / 16.9 (VS2019)

END.
