#
# A fatal error has been detected by the Java Runtime Environment:
#
#  EXCEPTION_ACCESS_VIOLATION (0xc0000005) at pc=0x00007ff8673f0eca, pid=14660, tid=4004
#
# JRE version: Java(TM) SE Runtime Environment (18.0.2.1+1) (build 18.0.2.1+1-1)
# Java VM: Java HotSpot(TM) 64-Bit Server VM (18.0.2.1+1-1, mixed mode, sharing, tiered, compressed oops, compressed class ptrs, g1 gc, windows-amd64)
# Problematic frame:
# V  [jvm.dll+0x760eca]
#
# No core dump will be written. Minidumps are not enabled by default on client versions of Windows
#
# If you would like to submit a bug report, please visit:
#   https://bugreport.java.com/bugreport/crash.jsp
#

---------------  S U M M A R Y ------------

Command Line: -XX:+ShowCodeDetailsInExceptionMessages -agentlib:jdwp=transport=dt_socket,suspend=y,address=localhost:63162 --enable-preview -javaagent:C:\Users\Dani\eclipse\java-2022-06\eclipse\configuration\org.eclipse.osgi\215\0\.cp\lib\javaagent-shaded.jar -Dfile.encoding=UTF-8 --module-path=C:\Users\Dani\Desktop\workspace adda23\PI4_marrogar60\bin;C:\Users\Dani\git\ada_v2_18\java\Geneticos\bin;C:\Users\Dani\git\ada_v2_18\java\ParteComun\target\classes;C:\Users\Dani\git\ada_v2_18\java\ParteComun\lib\antlr4-runtime-4.9.2.jar;C:\Users\Dani\git\ada_v2_18\java\ParteComun\lib\jgrapht-core-1.5.0.jar;C:\Users\Dani\git\ada_v2_18\java\ParteComun\lib\jgrapht-io-1.5.0.jar;C:\Users\Dani\git\ada_v2_18\java\ParteComun\lib\jheaps-0.13.jar;C:\Users\Dani\git\ada_v2_18\java\ParteComun\lib\commons-text-1.8.jar;C:\Users\Dani\git\ada_v2_18\java\ParteComun\lib\commons-math3-3.6.1.jar;C:\Users\Dani\git\ada_v2_18\java\ParteComun\lib\juniversalchardet-1.0.3.jar;C:\Users\Dani\git\ada_v2_18\java\ParteComun\lib\matplotlib4j-0.5.1.jar;C:\Users\Dani\git\ada_v2_18\java\ParteComun\lib\slf4j-api-1.7.7.jar;C:\Users\Dani\git\ada_v2_18\java\ParteComun\lib\slf4j-log4j12-1.7.7.jar;C:\Users\Dani\git\ada_v2_18\java\ParteComun\lib\log4j-1.2.17.jar;C:\Users\Dani\git\ada_v2_18\java\ParteComun\lib\guava-15.0.jar;C:\Users\Dani\git\ada_v2_18\java\Grafos\bin;C:\Users\Dani\git\ada_v2_18\java\Solve\bin;C:\Users\Dani\git\ada_v2_18\java\DatosCompartidos\bin;C:\Users\Dani\git\ada_v2_18\java\Solve\lib\gurobi.jar;C:\Users\Dani\git\ada_v2_18\java\Solve\lib\antlr4-runtime-4.9.2.jar;C:\Users\Dani\git\ada_v2_18\java\Grafos\lib\commons-lang3-3.9.jar;C:\Users\Dani\git\ada_v2_18\java\Grafos\lib\commons-text-1.8.jar;C:\Users\Dani\git\ada_v2_18\java\Grafos\lib\jgrapht-core-1.5.0.jar;C:\Users\Dani\git\ada_v2_18\java\Grafos\lib\jgrapht-io-1.5.0.jar;C:\Users\Dani\git\ada_v2_18\java\Grafos\lib\jheaps-0.13.jar;C:\Users\Dani\git\ada_v2_18\java\Geneticos\lib\commons-math3-3.2.jar;C:\Users\Dani\git\ada_v2_18\java\Geneticos\lib\jgrapht-core-1.2.0.jar -Djdk.module.main=pi42223 pi42223/ejercicio3.TestEjercicio3AG

Host: AMD Ryzen 5 5600H with Radeon Graphics         , 12 cores, 15G,  Windows 10 , 64 bit Build 19041 (10.0.19041.2546)
Time: Thu Mar 16 11:53:18 2023 Hora estándar romance elapsed time: 1031.776704 seconds (0d 0h 17m 11s)

---------------  T H R E A D  ---------------

Current thread (0x000001f139af6090):  JavaThread "JDWP Transport Listener: dt_socket" daemon [_thread_in_vm, id=4004, stack(0x0000008d5bc00000,0x0000008d5bd00000)]

Stack: [0x0000008d5bc00000,0x0000008d5bd00000],  sp=0x0000008d5bcff200,  free space=1020k
Native frames: (J=compiled Java code, j=interpreted, Vv=VM code, C=native code)
V  [jvm.dll+0x760eca]
V  [jvm.dll+0x52c54c]
V  [jvm.dll+0x4f3d5b]
C  [jdwp.dll+0x230a7]


siginfo: EXCEPTION_ACCESS_VIOLATION (0xc0000005), reading address 0x00000000009d00a0


Register to memory mapping:

RIP=0x00007ff8673f0eca jvm.dll
RAX=0x00000000000000a9 is an unknown value
RBX=0x000001f1352d2991 points into unknown readable memory: 00 65 64 45 6c 65 6d
RCX=0x00000000009d009c is an unknown value
RDX=0x000001f139748a40 points into unknown readable memory: 0x63696372656a654c | 4c 65 6a 65 72 63 69 63
RSP=0x0000008d5bcff200 is pointing into the stack for thread: 0x000001f139af6090
RBP=0x000001f13979c190 points into unknown readable memory: 0x0000001700000002 | 02 00 00 00 17 00 00 00
RSI=0x0 is NULL
RDI=0xffffffffffffffff is an unknown value
R8 =0x00000000000004f8 is an unknown value
R9 =0x0000000000000040 is an unknown value
R10=0x00000000000004c0 is an unknown value
R11=0x0000008d5bcff220 is pointing into the stack for thread: 0x000001f139af6090
R12=0x0000008d5bcff358 is pointing into the stack for thread: 0x000001f139af6090
R13=0x0 is NULL
R14=0x0000000800c0abe8 is a pointer to class: 
ejercicio3.InRangeEjercicio3AG {0x0000000800c0abf0}
 - instance size:     2
 - klass size:        83
 - access:            public synchronized 
 - state:             fully_initialized
 - name:              'ejercicio3/InRangeEjercicio3AG'
 - super:             'java/lang/Object'
 - sub:               
 - arrays:            NULL
 - methods:           Array<T>(0x000001f135882250)
 - method ordering:   Array<T>(0x000001f135882dd8)
 - default_methods:   Array<T>(0x0000000000000000)
 - local interfaces:  Array<T>(0x000001f13584f320)
 - trans. interfaces: Array<T>(0x000001f1358507e0)
 - constants:         constant pool [205] {0x000001f135883bb8} for 'ejercicio3/InRangeEjercicio3AG' cache=0x000001f1358842f0
 - class loader data:  loader data: 0x000001f1396882f0 for instance a 'jdk/internal/loader/ClassLoaders$AppClassLoader'{0x0000000719a6ccf0}
 - source file:       'InRangeEjercicio3AG.java'
 - source debug extension:       SMAP
InRangeEjercicio3AG.java
Java
*S jdt
*F
1 InRangeEjercicio3AG.java
2 file:/C:/Users/Dani/Desktop/workspace%20adda23/PI4_marrogar60/bin/
*L
*E

 - class annotations:       Array<T>(0x0000000000000000)
 - class type annotations:  Array<T>(0x0000000000000000)
 - field annotations:       Array<T>(0x0000000000000000)
 - field type annotations:  Array<T>(0x0000000000000000)
 - previous version:  constant pool [178] {0x000001f13584ecd8} for 'ejercicio3/InRangeEjercicio3AG' (extra) cache=0x000001f135850870
 - generic signature: '
[error occurred during error reporting (printing register info), id 0xc0000005, EXCEPTION_ACCESS_VIOLATION (0xc0000005) at pc=0x00007ff8673f1ad6]

Registers:
RAX=0x00000000000000a9, RBX=0x000001f1352d2991, RCX=0x00000000009d009c, RDX=0x000001f139748a40
RSP=0x0000008d5bcff200, RBP=0x000001f13979c190, RSI=0x0000000000000000, RDI=0xffffffffffffffff
R8 =0x00000000000004f8, R9 =0x0000000000000040, R10=0x00000000000004c0, R11=0x0000008d5bcff220
R12=0x0000008d5bcff358, R13=0x0000000000000000, R14=0x0000000800c0abe8, R15=0x0000008d5bcff3a8
RIP=0x00007ff8673f0eca, EFLAGS=0x0000000000010206

Top of Stack: (sp=0x0000008d5bcff200)
0x0000008d5bcff200:   000000000000001e 0000000800c0abe8
0x0000008d5bcff210:   000001f139af6090 0000000000000000
0x0000008d5bcff220:   ffffffffffffffff 00007ff8671bc54c
0x0000008d5bcff230:   000001f1352d2991 000001f13979c190
0x0000008d5bcff240:   0000000000000000 000001f139af6320
0x0000008d5bcff250:   000001f1352d2940 00000000000003d8
0x0000008d5bcff260:   000001f1352d2950 000001f1352d2d28
0x0000008d5bcff270:   0000000000000002 0000008d5bcff358
0x0000008d5bcff280:   0000000000000000 0000000000000000
0x0000008d5bcff290:   0000000718a22628 00007ff867183d5b
0x0000008d5bcff2a0:   000001f139af6090 0000008d5bcff3a8
0x0000008d5bcff2b0:   000001f112610420 0000008d5bcff3a8
0x0000008d5bcff2c0:   000001f139af6090 0000000000000000
0x0000008d5bcff2d0:   000001f100000000 0000000000000000
0x0000008d5bcff2e0:   000000000000000d 00007ff8a6e030a7
0x0000008d5bcff2f0:   0000008d5bcff3a0 00007ff8a6e11718 

Instructions: (pc=0x00007ff8673f0eca)
0x00007ff8673f0dca:   48 8b f8 48 85 db 74 08 48 8b cb e8 16 ad f0 ff
0x00007ff8673f0dda:   48 8b 5c 24 30 48 8b c7 48 83 c4 20 5f c3 8d 42
0x00007ff8673f0dea:   06 83 ff 02 b9 08 00 00 00 0f 4e c1 45 33 c0 48
0x00007ff8673f0dfa:   63 c8 48 83 c1 07 83 e1 f8 48 63 c9 41 8d 50 0b
0x00007ff8673f0e0a:   48 83 c4 20 5f e9 1c 23 95 ff cc cc cc cc cc cc
0x00007ff8673f0e1a:   cc cc cc cc cc cc 83 fa 02 8d 42 06 b9 08 00 00
0x00007ff8673f0e2a:   00 4d 8b c8 0f 4e c1 48 63 c8 49 8b 40 18 48 83
0x00007ff8673f0e3a:   c1 07 83 e1 f8 48 63 d1 49 8b 48 20 48 2b c8 48
0x00007ff8673f0e4a:   3b ca 72 09 48 8d 0c 10 49 89 48 18 c3 45 33 c0
0x00007ff8673f0e5a:   49 8b c9 e9 fe 80 95 ff cc cc cc cc cc cc cc cc
0x00007ff8673f0e6a:   cc cc cc cc cc cc 4c 8b d2 4c 8b d9 45 85 c0 7e
0x00007ff8673f0e7a:   3c 44 0f b7 49 04 41 8d 40 ff 41 3b c1 44 0f 4c
0x00007ff8673f0e8a:   c8 4d 63 c1 45 85 c9 7e 1f 48 8b c2 4c 2b da 49
0x00007ff8673f0e9a:   8b d0 0f 1f 40 00 41 0f b6 4c 03 06 88 08 48 8d
0x00007ff8673f0eaa:   40 01 48 83 ea 01 75 ee 43 c6 04 10 00 49 8b c2
0x00007ff8673f0eba:   c3 cc cc cc cc cc 48 89 5c 24 08 57 48 83 ec 20
0x00007ff8673f0eca:   0f b7 59 04 48 8b f9 33 d2 48 8d 4b 01 e8 14 d4
0x00007ff8673f0eda:   f8 ff 0f b7 57 04 4c 8b c0 3b da 0f 42 d3 44 8b
0x00007ff8673f0eea:   ca 85 d2 74 39 48 2b f8 0f 1f 40 00 66 66 0f 1f
0x00007ff8673f0efa:   84 00 00 00 00 00 0f b6 4c 07 06 88 08 48 ff c0
0x00007ff8673f0f0a:   48 8b c8 49 2b c8 49 3b c9 7c eb 42 c6 04 02 00
0x00007ff8673f0f1a:   49 8b c0 48 8b 5c 24 30 48 83 c4 20 5f c3 48 8b
0x00007ff8673f0f2a:   5c 24 30 c6 04 02 00 48 83 c4 20 5f c3 cc cc cc
0x00007ff8673f0f3a:   cc cc cc cc cc cc 4c 8b d1 45 85 c0 7e 6c 44 0f
0x00007ff8673f0f4a:   b7 49 04 41 8d 40 ff 41 3b c1 44 0f 4c c8 4d 63
0x00007ff8673f0f5a:   d9 45 85 c9 7e 22 48 8b ca 4c 2b d2 4d 8b c3 0f
0x00007ff8673f0f6a:   1f 80 00 00 00 00 41 0f b6 44 0a 06 88 01 48 8d
0x00007ff8673f0f7a:   49 01 49 83 e8 01 75 ee 41 c6 04 13 00 48 c7 c0
0x00007ff8673f0f8a:   ff ff ff ff 66 90 48 ff c0 80 3c 02 00 75 f7 48
0x00007ff8673f0f9a:   63 c8 85 c0 48 8b c2 7e 14 80 38 2f 75 03 c6 00
0x00007ff8673f0faa:   2e 48 ff c0 48 83 e9 01 75 ef 48 8b c2 c3 cc cc
0x00007ff8673f0fba:   cc cc cc cc cc cc 48 83 ec 28 e8 f7 fe ff ff 4c 


Stack slot to memory mapping:
stack at sp + 0 slots: 0x000000000000001e is an unknown value
stack at sp + 1 slots: 0x0000000800c0abe8 is a pointer to class: 
ejercicio3.InRangeEjercicio3AG {0x0000000800c0abf0}
 - instance size:     2
 - klass size:        83
 - access:            public synchronized 
 - state:             fully_initialized
 - name:              'ejercicio3/InRangeEjercicio3AG'
 - super:             'java/lang/Object'
 - sub:               
 - arrays:            NULL
 - methods:           Array<T>(0x000001f135882250)
 - method ordering:   Array<T>(0x000001f135882dd8)
 - default_methods:   Array<T>(0x0000000000000000)
 - local interfaces:  Array<T>(0x000001f13584f320)
 - trans. interfaces: Array<T>(0x000001f1358507e0)
 - constants:         constant pool [205] {0x000001f135883bb8} for 'ejercicio3/InRangeEjercicio3AG' cache=0x000001f1358842f0
 - class loader data:  loader data: 0x000001f1396882f0 for instance a 'jdk/internal/loader/ClassLoaders$AppClassLoader'{0x0000000719a6ccf0}
 - source file:       'InRangeEjercicio3AG.java'
 - source debug extension:       SMAP
InRangeEjercicio3AG.java
Java
*S jdt
*F
1 InRangeEjercicio3AG.java
2 file:/C:/Users/Dani/Desktop/workspace%20adda23/PI4_marrogar60/bin/
*L
*E

 - class annotations:       Array<T>(0x0000000000000000)
 - class type annotations:  Array<T>(0x0000000000000000)
 - field annotations:       Array<T>(0x0000000000000000)
 - field type annotations:  Array<T>(0x0000000000000000)
 - previous version:  constant pool [178] {0x000001f13584ecd8} for 'ejercicio3/InRangeEjercicio3AG' (extra) cache=0x000001f135850870
 - generic signature: '
[error occurred during error reporting (inspecting top of stack), id 0xc0000005, EXCEPTION_ACCESS_VIOLATION (0xc0000005) at pc=0x00007ff8673f1ad6]


---------------  P R O C E S S  ---------------

Threads class SMR info:
_java_thread_list=0x000001f1397400a0, length=15, elements={
0x000001f112623cf0, 0x000001f135299520, 0x000001f13529af20, 0x000001f1352afef0,
0x000001f1352b07a0, 0x000001f1352b51f0, 0x000001f1352b6ab0, 0x000001f1352b7690,
0x000001f1352b7f80, 0x000001f1352d2030, 0x000001f1395ab660, 0x000001f139af6090,
0x000001f139b2d110, 0x000001f139b2d980, 0x000001f1395a9980
}

Java Threads: ( => current thread )
  0x000001f112623cf0 JavaThread "main" [_thread_blocked, id=10620, stack(0x0000008d5a900000,0x0000008d5aa00000)]
  0x000001f135299520 JavaThread "Reference Handler" daemon [_thread_blocked, id=3900, stack(0x0000008d5b000000,0x0000008d5b100000)]
  0x000001f13529af20 JavaThread "Finalizer" daemon [_thread_blocked, id=13168, stack(0x0000008d5b100000,0x0000008d5b200000)]
  0x000001f1352afef0 JavaThread "Signal Dispatcher" daemon [_thread_blocked, id=14492, stack(0x0000008d5b200000,0x0000008d5b300000)]
  0x000001f1352b07a0 JavaThread "Attach Listener" daemon [_thread_blocked, id=14592, stack(0x0000008d5b300000,0x0000008d5b400000)]
  0x000001f1352b51f0 JavaThread "Service Thread" daemon [_thread_blocked, id=1400, stack(0x0000008d5b400000,0x0000008d5b500000)]
  0x000001f1352b6ab0 JavaThread "Monitor Deflation Thread" daemon [_thread_blocked, id=10804, stack(0x0000008d5b500000,0x0000008d5b600000)]
  0x000001f1352b7690 JavaThread "C2 CompilerThread0" daemon [_thread_blocked, id=2664, stack(0x0000008d5b600000,0x0000008d5b700000)]
  0x000001f1352b7f80 JavaThread "C1 CompilerThread0" daemon [_thread_blocked, id=8652, stack(0x0000008d5b700000,0x0000008d5b800000)]
  0x000001f1352d2030 JavaThread "Sweeper thread" daemon [_thread_blocked, id=6572, stack(0x0000008d5b800000,0x0000008d5b900000)]
  0x000001f1395ab660 JavaThread "Common-Cleaner" daemon [_thread_blocked, id=15088, stack(0x0000008d5b900000,0x0000008d5ba00000)]
=>0x000001f139af6090 JavaThread "JDWP Transport Listener: dt_socket" daemon [_thread_in_vm, id=4004, stack(0x0000008d5bc00000,0x0000008d5bd00000)]
  0x000001f139b2d110 JavaThread "JDWP Event Helper Thread" daemon [_thread_blocked, id=12140, stack(0x0000008d5bd00000,0x0000008d5be00000)]
  0x000001f139b2d980 JavaThread "JDWP Command Reader" daemon [_thread_in_native, id=3296, stack(0x0000008d5be00000,0x0000008d5bf00000)]
  0x000001f1395a9980 JavaThread "Notification Thread" daemon [_thread_blocked, id=6312, stack(0x0000008d5bf00000,0x0000008d5c000000)]

Other Threads:
  0x000001f135297780 VMThread "VM Thread" [stack: 0x0000008d5af00000,0x0000008d5b000000] [id=13808]
  0x000001f112624ba0 WatcherThread "VM Periodic Task Thread" [stack: 0x0000008d5c000000,0x0000008d5c100000] [id=5108]
  0x000001f112693680 WorkerThread "GC Thread#0" [stack: 0x0000008d5aa00000,0x0000008d5ab00000] [id=14864]
  0x000001f1126a5200 ConcurrentGCThread "G1 Main Marker" [stack: 0x0000008d5ab00000,0x0000008d5ac00000] [id=6172]
  0x000001f1126a5b00 WorkerThread "G1 Conc#0" [stack: 0x0000008d5ac00000,0x0000008d5ad00000] [id=1392]
  0x000001f1126ee7e0 ConcurrentGCThread "G1 Refine#0" [stack: 0x0000008d5ad00000,0x0000008d5ae00000] [id=7160]
  0x000001f135153920 ConcurrentGCThread "G1 Service" [stack: 0x0000008d5ae00000,0x0000008d5af00000] [id=13724]

Threads with active compile tasks:

VM state: not at safepoint (normal execution)

VM Mutex/Monitor currently owned by a thread: None

Heap address: 0x000000070a600000, size: 3930 MB, Compressed Oops mode: Zero based, Oop shift amount: 3

CDS archive(s) mapped at: [0x0000000800000000-0x0000000800ba0000-0x0000000800ba0000), size 12189696, SharedBaseAddress: 0x0000000800000000, ArchiveRelocationMode: 0.
Compressed class space mapped at: 0x0000000800c00000-0x0000000840c00000, reserved size: 1073741824
Narrow klass base: 0x0000000800000000, Narrow klass shift: 0, Narrow klass range: 0x100000000

GC Precious Log:
 CardTable entry size: 512
 Card Set container configuration: InlinePtr #cards 4 size 8 Array Of Cards #cards 16 size 48 Howl #buckets 8 coarsen threshold 3686 Howl Bitmap #cards 512 size 80 coarsen threshold 460 Card regions per heap region 1 cards per card region 4096
 CPUs: 12 total, 12 available
 Memory: 15716M
 Large Page Support: Disabled
 NUMA Support: Disabled
 Compressed Oops: Enabled (Zero based)
 Heap Region Size: 2M
 Heap Min Capacity: 8M
 Heap Initial Capacity: 246M
 Heap Max Capacity: 3930M
 Pre-touch: Disabled
 Parallel Workers: 10
 Concurrent Workers: 3
 Concurrent Refinement Workers: 10
 Periodic GC: Disabled

Heap:
 garbage-first heap   total 251904K, used 16384K [0x000000070a600000, 0x0000000800000000)
  region size 2048K, 9 young (18432K), 0 survivors (0K)
 Metaspace       used 3819K, committed 4032K, reserved 1114112K
  class space    used 344K, committed 448K, reserved 1048576K

Heap Regions: E=young(eden), S=young(survivor), O=old, HS=humongous(starts), HC=humongous(continues), CS=collection set, F=free, OA=open archive, CA=closed archive, TAMS=top-at-mark-start (previous, next)
|   0|0x000000070a600000, 0x000000070a600000, 0x000000070a800000|  0%| F|  |TAMS 0x000000070a600000, 0x000000070a600000| Untracked 
|   1|0x000000070a800000, 0x000000070a800000, 0x000000070aa00000|  0%| F|  |TAMS 0x000000070a800000, 0x000000070a800000| Untracked 
|   2|0x000000070aa00000, 0x000000070aa00000, 0x000000070ac00000|  0%| F|  |TAMS 0x000000070aa00000, 0x000000070aa00000| Untracked 
|   3|0x000000070ac00000, 0x000000070ac00000, 0x000000070ae00000|  0%| F|  |TAMS 0x000000070ac00000, 0x000000070ac00000| Untracked 
|   4|0x000000070ae00000, 0x000000070ae00000, 0x000000070b000000|  0%| F|  |TAMS 0x000000070ae00000, 0x000000070ae00000| Untracked 
|   5|0x000000070b000000, 0x000000070b000000, 0x000000070b200000|  0%| F|  |TAMS 0x000000070b000000, 0x000000070b000000| Untracked 
|   6|0x000000070b200000, 0x000000070b200000, 0x000000070b400000|  0%| F|  |TAMS 0x000000070b200000, 0x000000070b200000| Untracked 
|   7|0x000000070b400000, 0x000000070b400000, 0x000000070b600000|  0%| F|  |TAMS 0x000000070b400000, 0x000000070b400000| Untracked 
|   8|0x000000070b600000, 0x000000070b600000, 0x000000070b800000|  0%| F|  |TAMS 0x000000070b600000, 0x000000070b600000| Untracked 
|   9|0x000000070b800000, 0x000000070b800000, 0x000000070ba00000|  0%| F|  |TAMS 0x000000070b800000, 0x000000070b800000| Untracked 
|  10|0x000000070ba00000, 0x000000070ba00000, 0x000000070bc00000|  0%| F|  |TAMS 0x000000070ba00000, 0x000000070ba00000| Untracked 
|  11|0x000000070bc00000, 0x000000070bc00000, 0x000000070be00000|  0%| F|  |TAMS 0x000000070bc00000, 0x000000070bc00000| Untracked 
|  12|0x000000070be00000, 0x000000070be00000, 0x000000070c000000|  0%| F|  |TAMS 0x000000070be00000, 0x000000070be00000| Untracked 
|  13|0x000000070c000000, 0x000000070c000000, 0x000000070c200000|  0%| F|  |TAMS 0x000000070c000000, 0x000000070c000000| Untracked 
|  14|0x000000070c200000, 0x000000070c200000, 0x000000070c400000|  0%| F|  |TAMS 0x000000070c200000, 0x000000070c200000| Untracked 
|  15|0x000000070c400000, 0x000000070c400000, 0x000000070c600000|  0%| F|  |TAMS 0x000000070c400000, 0x000000070c400000| Untracked 
|  16|0x000000070c600000, 0x000000070c600000, 0x000000070c800000|  0%| F|  |TAMS 0x000000070c600000, 0x000000070c600000| Untracked 
|  17|0x000000070c800000, 0x000000070c800000, 0x000000070ca00000|  0%| F|  |TAMS 0x000000070c800000, 0x000000070c800000| Untracked 
|  18|0x000000070ca00000, 0x000000070ca00000, 0x000000070cc00000|  0%| F|  |TAMS 0x000000070ca00000, 0x000000070ca00000| Untracked 
|  19|0x000000070cc00000, 0x000000070cc00000, 0x000000070ce00000|  0%| F|  |TAMS 0x000000070cc00000, 0x000000070cc00000| Untracked 
|  20|0x000000070ce00000, 0x000000070ce00000, 0x000000070d000000|  0%| F|  |TAMS 0x000000070ce00000, 0x000000070ce00000| Untracked 
|  21|0x000000070d000000, 0x000000070d000000, 0x000000070d200000|  0%| F|  |TAMS 0x000000070d000000, 0x000000070d000000| Untracked 
|  22|0x000000070d200000, 0x000000070d200000, 0x000000070d400000|  0%| F|  |TAMS 0x000000070d200000, 0x000000070d200000| Untracked 
|  23|0x000000070d400000, 0x000000070d400000, 0x000000070d600000|  0%| F|  |TAMS 0x000000070d400000, 0x000000070d400000| Untracked 
|  24|0x000000070d600000, 0x000000070d600000, 0x000000070d800000|  0%| F|  |TAMS 0x000000070d600000, 0x000000070d600000| Untracked 
|  25|0x000000070d800000, 0x000000070d800000, 0x000000070da00000|  0%| F|  |TAMS 0x000000070d800000, 0x000000070d800000| Untracked 
|  26|0x000000070da00000, 0x000000070da00000, 0x000000070dc00000|  0%| F|  |TAMS 0x000000070da00000, 0x000000070da00000| Untracked 
|  27|0x000000070dc00000, 0x000000070dc00000, 0x000000070de00000|  0%| F|  |TAMS 0x000000070dc00000, 0x000000070dc00000| Untracked 
|  28|0x000000070de00000, 0x000000070de00000, 0x000000070e000000|  0%| F|  |TAMS 0x000000070de00000, 0x000000070de00000| Untracked 
|  29|0x000000070e000000, 0x000000070e000000, 0x000000070e200000|  0%| F|  |TAMS 0x000000070e000000, 0x000000070e000000| Untracked 
|  30|0x000000070e200000, 0x000000070e200000, 0x000000070e400000|  0%| F|  |TAMS 0x000000070e200000, 0x000000070e200000| Untracked 
|  31|0x000000070e400000, 0x000000070e400000, 0x000000070e600000|  0%| F|  |TAMS 0x000000070e400000, 0x000000070e400000| Untracked 
|  32|0x000000070e600000, 0x000000070e600000, 0x000000070e800000|  0%| F|  |TAMS 0x000000070e600000, 0x000000070e600000| Untracked 
|  33|0x000000070e800000, 0x000000070e800000, 0x000000070ea00000|  0%| F|  |TAMS 0x000000070e800000, 0x000000070e800000| Untracked 
|  34|0x000000070ea00000, 0x000000070ea00000, 0x000000070ec00000|  0%| F|  |TAMS 0x000000070ea00000, 0x000000070ea00000| Untracked 
|  35|0x000000070ec00000, 0x000000070ec00000, 0x000000070ee00000|  0%| F|  |TAMS 0x000000070ec00000, 0x000000070ec00000| Untracked 
|  36|0x000000070ee00000, 0x000000070ee00000, 0x000000070f000000|  0%| F|  |TAMS 0x000000070ee00000, 0x000000070ee00000| Untracked 
|  37|0x000000070f000000, 0x000000070f000000, 0x000000070f200000|  0%| F|  |TAMS 0x000000070f000000, 0x000000070f000000| Untracked 
|  38|0x000000070f200000, 0x000000070f200000, 0x000000070f400000|  0%| F|  |TAMS 0x000000070f200000, 0x000000070f200000| Untracked 
|  39|0x000000070f400000, 0x000000070f400000, 0x000000070f600000|  0%| F|  |TAMS 0x000000070f400000, 0x000000070f400000| Untracked 
|  40|0x000000070f600000, 0x000000070f600000, 0x000000070f800000|  0%| F|  |TAMS 0x000000070f600000, 0x000000070f600000| Untracked 
|  41|0x000000070f800000, 0x000000070f800000, 0x000000070fa00000|  0%| F|  |TAMS 0x000000070f800000, 0x000000070f800000| Untracked 
|  42|0x000000070fa00000, 0x000000070fa00000, 0x000000070fc00000|  0%| F|  |TAMS 0x000000070fa00000, 0x000000070fa00000| Untracked 
|  43|0x000000070fc00000, 0x000000070fc00000, 0x000000070fe00000|  0%| F|  |TAMS 0x000000070fc00000, 0x000000070fc00000| Untracked 
|  44|0x000000070fe00000, 0x000000070fe00000, 0x0000000710000000|  0%| F|  |TAMS 0x000000070fe00000, 0x000000070fe00000| Untracked 
|  45|0x0000000710000000, 0x0000000710000000, 0x0000000710200000|  0%| F|  |TAMS 0x0000000710000000, 0x0000000710000000| Untracked 
|  46|0x0000000710200000, 0x0000000710200000, 0x0000000710400000|  0%| F|  |TAMS 0x0000000710200000, 0x0000000710200000| Untracked 
|  47|0x0000000710400000, 0x0000000710400000, 0x0000000710600000|  0%| F|  |TAMS 0x0000000710400000, 0x0000000710400000| Untracked 
|  48|0x0000000710600000, 0x0000000710600000, 0x0000000710800000|  0%| F|  |TAMS 0x0000000710600000, 0x0000000710600000| Untracked 
|  49|0x0000000710800000, 0x0000000710800000, 0x0000000710a00000|  0%| F|  |TAMS 0x0000000710800000, 0x0000000710800000| Untracked 
|  50|0x0000000710a00000, 0x0000000710a00000, 0x0000000710c00000|  0%| F|  |TAMS 0x0000000710a00000, 0x0000000710a00000| Untracked 
|  51|0x0000000710c00000, 0x0000000710c00000, 0x0000000710e00000|  0%| F|  |TAMS 0x0000000710c00000, 0x0000000710c00000| Untracked 
|  52|0x0000000710e00000, 0x0000000710e00000, 0x0000000711000000|  0%| F|  |TAMS 0x0000000710e00000, 0x0000000710e00000| Untracked 
|  53|0x0000000711000000, 0x0000000711000000, 0x0000000711200000|  0%| F|  |TAMS 0x0000000711000000, 0x0000000711000000| Untracked 
|  54|0x0000000711200000, 0x0000000711200000, 0x0000000711400000|  0%| F|  |TAMS 0x0000000711200000, 0x0000000711200000| Untracked 
|  55|0x0000000711400000, 0x0000000711400000, 0x0000000711600000|  0%| F|  |TAMS 0x0000000711400000, 0x0000000711400000| Untracked 
|  56|0x0000000711600000, 0x0000000711600000, 0x0000000711800000|  0%| F|  |TAMS 0x0000000711600000, 0x0000000711600000| Untracked 
|  57|0x0000000711800000, 0x0000000711800000, 0x0000000711a00000|  0%| F|  |TAMS 0x0000000711800000, 0x0000000711800000| Untracked 
|  58|0x0000000711a00000, 0x0000000711a00000, 0x0000000711c00000|  0%| F|  |TAMS 0x0000000711a00000, 0x0000000711a00000| Untracked 
|  59|0x0000000711c00000, 0x0000000711c00000, 0x0000000711e00000|  0%| F|  |TAMS 0x0000000711c00000, 0x0000000711c00000| Untracked 
|  60|0x0000000711e00000, 0x0000000711e00000, 0x0000000712000000|  0%| F|  |TAMS 0x0000000711e00000, 0x0000000711e00000| Untracked 
|  61|0x0000000712000000, 0x0000000712000000, 0x0000000712200000|  0%| F|  |TAMS 0x0000000712000000, 0x0000000712000000| Untracked 
|  62|0x0000000712200000, 0x0000000712200000, 0x0000000712400000|  0%| F|  |TAMS 0x0000000712200000, 0x0000000712200000| Untracked 
|  63|0x0000000712400000, 0x0000000712400000, 0x0000000712600000|  0%| F|  |TAMS 0x0000000712400000, 0x0000000712400000| Untracked 
|  64|0x0000000712600000, 0x0000000712600000, 0x0000000712800000|  0%| F|  |TAMS 0x0000000712600000, 0x0000000712600000| Untracked 
|  65|0x0000000712800000, 0x0000000712800000, 0x0000000712a00000|  0%| F|  |TAMS 0x0000000712800000, 0x0000000712800000| Untracked 
|  66|0x0000000712a00000, 0x0000000712a00000, 0x0000000712c00000|  0%| F|  |TAMS 0x0000000712a00000, 0x0000000712a00000| Untracked 
|  67|0x0000000712c00000, 0x0000000712c00000, 0x0000000712e00000|  0%| F|  |TAMS 0x0000000712c00000, 0x0000000712c00000| Untracked 
|  68|0x0000000712e00000, 0x0000000712e00000, 0x0000000713000000|  0%| F|  |TAMS 0x0000000712e00000, 0x0000000712e00000| Untracked 
|  69|0x0000000713000000, 0x0000000713000000, 0x0000000713200000|  0%| F|  |TAMS 0x0000000713000000, 0x0000000713000000| Untracked 
|  70|0x0000000713200000, 0x0000000713200000, 0x0000000713400000|  0%| F|  |TAMS 0x0000000713200000, 0x0000000713200000| Untracked 
|  71|0x0000000713400000, 0x0000000713400000, 0x0000000713600000|  0%| F|  |TAMS 0x0000000713400000, 0x0000000713400000| Untracked 
|  72|0x0000000713600000, 0x0000000713600000, 0x0000000713800000|  0%| F|  |TAMS 0x0000000713600000, 0x0000000713600000| Untracked 
|  73|0x0000000713800000, 0x0000000713800000, 0x0000000713a00000|  0%| F|  |TAMS 0x0000000713800000, 0x0000000713800000| Untracked 
|  74|0x0000000713a00000, 0x0000000713a00000, 0x0000000713c00000|  0%| F|  |TAMS 0x0000000713a00000, 0x0000000713a00000| Untracked 
|  75|0x0000000713c00000, 0x0000000713c00000, 0x0000000713e00000|  0%| F|  |TAMS 0x0000000713c00000, 0x0000000713c00000| Untracked 
|  76|0x0000000713e00000, 0x0000000713e00000, 0x0000000714000000|  0%| F|  |TAMS 0x0000000713e00000, 0x0000000713e00000| Untracked 
|  77|0x0000000714000000, 0x0000000714000000, 0x0000000714200000|  0%| F|  |TAMS 0x0000000714000000, 0x0000000714000000| Untracked 
|  78|0x0000000714200000, 0x0000000714200000, 0x0000000714400000|  0%| F|  |TAMS 0x0000000714200000, 0x0000000714200000| Untracked 
|  79|0x0000000714400000, 0x0000000714400000, 0x0000000714600000|  0%| F|  |TAMS 0x0000000714400000, 0x0000000714400000| Untracked 
|  80|0x0000000714600000, 0x0000000714600000, 0x0000000714800000|  0%| F|  |TAMS 0x0000000714600000, 0x0000000714600000| Untracked 
|  81|0x0000000714800000, 0x0000000714800000, 0x0000000714a00000|  0%| F|  |TAMS 0x0000000714800000, 0x0000000714800000| Untracked 
|  82|0x0000000714a00000, 0x0000000714a00000, 0x0000000714c00000|  0%| F|  |TAMS 0x0000000714a00000, 0x0000000714a00000| Untracked 
|  83|0x0000000714c00000, 0x0000000714c00000, 0x0000000714e00000|  0%| F|  |TAMS 0x0000000714c00000, 0x0000000714c00000| Untracked 
|  84|0x0000000714e00000, 0x0000000714e00000, 0x0000000715000000|  0%| F|  |TAMS 0x0000000714e00000, 0x0000000714e00000| Untracked 
|  85|0x0000000715000000, 0x0000000715000000, 0x0000000715200000|  0%| F|  |TAMS 0x0000000715000000, 0x0000000715000000| Untracked 
|  86|0x0000000715200000, 0x0000000715200000, 0x0000000715400000|  0%| F|  |TAMS 0x0000000715200000, 0x0000000715200000| Untracked 
|  87|0x0000000715400000, 0x0000000715400000, 0x0000000715600000|  0%| F|  |TAMS 0x0000000715400000, 0x0000000715400000| Untracked 
|  88|0x0000000715600000, 0x0000000715600000, 0x0000000715800000|  0%| F|  |TAMS 0x0000000715600000, 0x0000000715600000| Untracked 
|  89|0x0000000715800000, 0x0000000715800000, 0x0000000715a00000|  0%| F|  |TAMS 0x0000000715800000, 0x0000000715800000| Untracked 
|  90|0x0000000715a00000, 0x0000000715a00000, 0x0000000715c00000|  0%| F|  |TAMS 0x0000000715a00000, 0x0000000715a00000| Untracked 
|  91|0x0000000715c00000, 0x0000000715c00000, 0x0000000715e00000|  0%| F|  |TAMS 0x0000000715c00000, 0x0000000715c00000| Untracked 
|  92|0x0000000715e00000, 0x0000000715e00000, 0x0000000716000000|  0%| F|  |TAMS 0x0000000715e00000, 0x0000000715e00000| Untracked 
|  93|0x0000000716000000, 0x0000000716000000, 0x0000000716200000|  0%| F|  |TAMS 0x0000000716000000, 0x0000000716000000| Untracked 
|  94|0x0000000716200000, 0x0000000716200000, 0x0000000716400000|  0%| F|  |TAMS 0x0000000716200000, 0x0000000716200000| Untracked 
|  95|0x0000000716400000, 0x0000000716400000, 0x0000000716600000|  0%| F|  |TAMS 0x0000000716400000, 0x0000000716400000| Untracked 
|  96|0x0000000716600000, 0x0000000716600000, 0x0000000716800000|  0%| F|  |TAMS 0x0000000716600000, 0x0000000716600000| Untracked 
|  97|0x0000000716800000, 0x0000000716800000, 0x0000000716a00000|  0%| F|  |TAMS 0x0000000716800000, 0x0000000716800000| Untracked 
|  98|0x0000000716a00000, 0x0000000716a00000, 0x0000000716c00000|  0%| F|  |TAMS 0x0000000716a00000, 0x0000000716a00000| Untracked 
|  99|0x0000000716c00000, 0x0000000716c00000, 0x0000000716e00000|  0%| F|  |TAMS 0x0000000716c00000, 0x0000000716c00000| Untracked 
| 100|0x0000000716e00000, 0x0000000716e00000, 0x0000000717000000|  0%| F|  |TAMS 0x0000000716e00000, 0x0000000716e00000| Untracked 
| 101|0x0000000717000000, 0x0000000717000000, 0x0000000717200000|  0%| F|  |TAMS 0x0000000717000000, 0x0000000717000000| Untracked 
| 102|0x0000000717200000, 0x0000000717200000, 0x0000000717400000|  0%| F|  |TAMS 0x0000000717200000, 0x0000000717200000| Untracked 
| 103|0x0000000717400000, 0x0000000717400000, 0x0000000717600000|  0%| F|  |TAMS 0x0000000717400000, 0x0000000717400000| Untracked 
| 104|0x0000000717600000, 0x0000000717600000, 0x0000000717800000|  0%| F|  |TAMS 0x0000000717600000, 0x0000000717600000| Untracked 
| 105|0x0000000717800000, 0x0000000717800000, 0x0000000717a00000|  0%| F|  |TAMS 0x0000000717800000, 0x0000000717800000| Untracked 
| 106|0x0000000717a00000, 0x0000000717a00000, 0x0000000717c00000|  0%| F|  |TAMS 0x0000000717a00000, 0x0000000717a00000| Untracked 
| 107|0x0000000717c00000, 0x0000000717c00000, 0x0000000717e00000|  0%| F|  |TAMS 0x0000000717c00000, 0x0000000717c00000| Untracked 
| 108|0x0000000717e00000, 0x0000000717e00000, 0x0000000718000000|  0%| F|  |TAMS 0x0000000717e00000, 0x0000000717e00000| Untracked 
| 109|0x0000000718000000, 0x0000000718000000, 0x0000000718200000|  0%| F|  |TAMS 0x0000000718000000, 0x0000000718000000| Untracked 
| 110|0x0000000718200000, 0x0000000718200000, 0x0000000718400000|  0%| F|  |TAMS 0x0000000718200000, 0x0000000718200000| Untracked 
| 111|0x0000000718400000, 0x0000000718400000, 0x0000000718600000|  0%| F|  |TAMS 0x0000000718400000, 0x0000000718400000| Untracked 
| 112|0x0000000718600000, 0x0000000718600000, 0x0000000718800000|  0%| F|  |TAMS 0x0000000718600000, 0x0000000718600000| Untracked 
| 113|0x0000000718800000, 0x0000000718800000, 0x0000000718a00000|  0%| F|  |TAMS 0x0000000718800000, 0x0000000718800000| Untracked 
| 114|0x0000000718a00000, 0x0000000718c00000, 0x0000000718c00000|100%| E|  |TAMS 0x0000000718a00000, 0x0000000718a00000| Complete 
| 115|0x0000000718c00000, 0x0000000718e00000, 0x0000000718e00000|100%| E|CS|TAMS 0x0000000718c00000, 0x0000000718c00000| Complete 
| 116|0x0000000718e00000, 0x0000000719000000, 0x0000000719000000|100%| E|CS|TAMS 0x0000000718e00000, 0x0000000718e00000| Complete 
| 117|0x0000000719000000, 0x0000000719200000, 0x0000000719200000|100%| E|CS|TAMS 0x0000000719000000, 0x0000000719000000| Complete 
| 118|0x0000000719200000, 0x0000000719400000, 0x0000000719400000|100%| E|CS|TAMS 0x0000000719200000, 0x0000000719200000| Complete 
| 119|0x0000000719400000, 0x0000000719600000, 0x0000000719600000|100%| E|CS|TAMS 0x0000000719400000, 0x0000000719400000| Complete 
| 120|0x0000000719600000, 0x0000000719800000, 0x0000000719800000|100%| E|CS|TAMS 0x0000000719600000, 0x0000000719600000| Complete 
| 121|0x0000000719800000, 0x0000000719a00000, 0x0000000719a00000|100%| E|CS|TAMS 0x0000000719800000, 0x0000000719800000| Complete 
| 122|0x0000000719a00000, 0x0000000719c00000, 0x0000000719c00000|100%| E|CS|TAMS 0x0000000719a00000, 0x0000000719a00000| Complete 

Card table byte_map: [0x000001f129c60000,0x000001f12a410000] _byte_map_base: 0x000001f12640d000

Marking Bits (Prev, Next): (CMBitMap*) 0x000001f112693b90, (CMBitMap*) 0x000001f112693bd0
 Prev Bits: [0x000001f12abc0000, 0x000001f12e928000)
 Next Bits: [0x000001f12e930000, 0x000001f132698000)

Polling page: 0x000001f110430000

Metaspace:

Usage:
  Non-class:      3.39 MB used.
      Class:    344.16 KB used.
       Both:      3.73 MB used.

Virtual space:
  Non-class space:       64.00 MB reserved,       3.50 MB (  5%) committed,  1 nodes.
      Class space:        1.00 GB reserved,     448.00 KB ( <1%) committed,  1 nodes.
             Both:        1.06 GB reserved,       3.94 MB ( <1%) committed. 

Chunk freelists:
   Non-Class:  3.47 MB
       Class:  3.55 MB
        Both:  7.02 MB

MaxMetaspaceSize: unlimited
CompressedClassSpaceSize: 1.00 GB
Initial GC threshold: 21.00 MB
Current GC threshold: 21.00 MB
CDS: on
MetaspaceReclaimPolicy: balanced
 - commit_granule_bytes: 65536.
 - commit_granule_words: 8192.
 - virtual_space_node_default_size: 8388608.
 - enlarge_chunks_in_place: 1.
 - new_chunks_are_fully_committed: 0.
 - uncommit_free_chunks: 1.
 - use_allocation_guard: 0.


Internal statistics:

num_allocs_failed_limit: 0.
num_arena_births: 40.
num_arena_deaths: 0.
num_vsnodes_births: 2.
num_vsnodes_deaths: 0.
num_space_committed: 63.
num_space_uncommitted: 0.
num_chunks_returned_to_freelist: 0.
num_chunks_taken_from_freelist: 68.
num_chunk_merges: 0.
num_chunk_splits: 46.
num_chunks_enlarged: 33.
num_inconsistent_stats: 0.

CodeHeap 'non-profiled nmethods': size=120000Kb used=367Kb max_used=367Kb free=119632Kb
 bounds [0x000001f121a30000, 0x000001f121ca0000, 0x000001f128f60000]
CodeHeap 'profiled nmethods': size=120000Kb used=1680Kb max_used=1680Kb free=118319Kb
 bounds [0x000001f11a500000, 0x000001f11a770000, 0x000001f121a30000]
CodeHeap 'non-nmethods': size=5760Kb used=1222Kb max_used=1240Kb free=4537Kb
 bounds [0x000001f119f60000, 0x000001f11a1d0000, 0x000001f11a500000]
 total_blobs=1397 nmethods=965 adapters=345
 compilation: enabled
              stopped_count=0, restarted_count=0
 full_count=0

Compilation events (20 events):
Event: 0.812 Thread 0x000001f1352b7f80  950       1       java.net.URL::getRef (5 bytes)
Event: 0.812 Thread 0x000001f1352b7f80 nmethod 950 0x000001f121a8a210 code [0x000001f121a8a3a0, 0x000001f121a8a478]
Event: 0.813 Thread 0x000001f1352b7f80  956       3       java.lang.Long::<init> (10 bytes)
Event: 0.813 Thread 0x000001f1352b7f80 nmethod 956 0x000001f11a6a0e10 code [0x000001f11a6a0fc0, 0x000001f11a6a1198]
Event: 0.813 Thread 0x000001f1352b7f80  957       3       org.eclipse.jdt.launching.internal.org.objectweb.asm.ByteVector::putInt (74 bytes)
Event: 0.813 Thread 0x000001f1352b7f80 nmethod 957 0x000001f11a6a1290 code [0x000001f11a6a1440, 0x000001f11a6a16a8]
Event: 0.814 Thread 0x000001f139603570 nmethod 953 0x000001f121a8a510 code [0x000001f121a8a6a0, 0x000001f121a8a8c8]
Event: 0.816 Thread 0x000001f1352b7f80  959       3       java.lang.invoke.MethodHandleNatives::refKindIsField (32 bytes)
Event: 0.816 Thread 0x000001f1352b7f80 nmethod 959 0x000001f11a6a1890 code [0x000001f11a6a1a20, 0x000001f11a6a1b78]
Event: 0.816 Thread 0x000001f1352b7f80  961       3       jdk.internal.org.objectweb.asm.ClassReader::readUnsignedShort (26 bytes)
Event: 0.816 Thread 0x000001f1352b7f80 nmethod 961 0x000001f11a6a1c10 code [0x000001f11a6a1da0, 0x000001f11a6a1f18]
Event: 0.817 Thread 0x000001f1397ef1b0 nmethod 954 0x000001f121a8b110 code [0x000001f121a8b2a0, 0x000001f121a8b668]
Event: 0.818 Thread 0x000001f1352b7f80  962       3       sun.invoke.util.Wrapper::findPrimitiveType (25 bytes)
Event: 0.819 Thread 0x000001f1352b7f80 nmethod 962 0x000001f11a6a2010 code [0x000001f11a6a22a0, 0x000001f11a6a3048]
Event: 0.819 Thread 0x000001f1352b7f80  963       3       java.lang.invoke.MemberName::getModifiers (8 bytes)
Event: 0.819 Thread 0x000001f1352b7f80 nmethod 963 0x000001f11a6a3610 code [0x000001f11a6a37a0, 0x000001f11a6a38b8]
Event: 66.143 Thread 0x000001f1352b7f80  964       3       java.lang.invoke.DirectMethodHandle::allocateInstance (16 bytes)
Event: 66.143 Thread 0x000001f1352b7f80 nmethod 964 0x000001f11a6a3990 code [0x000001f11a6a3b40, 0x000001f11a6a3d88]
Event: 66.143 Thread 0x000001f1352b7f80  966       3       java.lang.invoke.DirectMethodHandle::constructorMethod (10 bytes)
Event: 66.143 Thread 0x000001f1352b7f80 nmethod 966 0x000001f11a6a3e90 code [0x000001f11a6a4020, 0x000001f11a6a4218]

GC Heap History (0 events):
No events

Deoptimization events (20 events):
Event: 0.777 Thread 0x000001f112623cf0 Uncommon trap: trap_request=0xffffff45 fr.pc=0x000001f121a370e0 relative=0x0000000000000060
Event: 0.777 Thread 0x000001f112623cf0 Uncommon trap: reason=unstable_if action=reinterpret pc=0x000001f121a370e0 method=java.lang.String.isLatin1()Z @ 10 c2
Event: 0.777 Thread 0x000001f112623cf0 DEOPT PACKING pc=0x000001f121a370e0 sp=0x0000008d5a9fc9c0
Event: 0.777 Thread 0x000001f112623cf0 DEOPT UNPACKING pc=0x000001f119fb23a3 sp=0x0000008d5a9fc960 mode 2
Event: 0.784 Thread 0x000001f112623cf0 Uncommon trap: trap_request=0xffffffde fr.pc=0x000001f121a857c0 relative=0x0000000000000120
Event: 0.784 Thread 0x000001f112623cf0 Uncommon trap: reason=class_check action=maybe_recompile pc=0x000001f121a857c0 method=jdk.internal.misc.Unsafe.allocateUninitializedArray(Ljava/lang/Class;I)Ljava/lang/Object; @ 51 c2
Event: 0.784 Thread 0x000001f112623cf0 DEOPT PACKING pc=0x000001f121a857c0 sp=0x0000008d5a9ff210
Event: 0.784 Thread 0x000001f112623cf0 DEOPT UNPACKING pc=0x000001f119fb23a3 sp=0x0000008d5a9ff198 mode 2
Event: 0.785 Thread 0x000001f112623cf0 Uncommon trap: trap_request=0xffffffde fr.pc=0x000001f121a857c0 relative=0x0000000000000120
Event: 0.785 Thread 0x000001f112623cf0 Uncommon trap: reason=class_check action=maybe_recompile pc=0x000001f121a857c0 method=jdk.internal.misc.Unsafe.allocateUninitializedArray(Ljava/lang/Class;I)Ljava/lang/Object; @ 51 c2
Event: 0.785 Thread 0x000001f112623cf0 DEOPT PACKING pc=0x000001f121a857c0 sp=0x0000008d5a9ff210
Event: 0.785 Thread 0x000001f112623cf0 DEOPT UNPACKING pc=0x000001f119fb23a3 sp=0x0000008d5a9ff198 mode 2
Event: 0.785 Thread 0x000001f112623cf0 Uncommon trap: trap_request=0xffffffde fr.pc=0x000001f121a857c0 relative=0x0000000000000120
Event: 0.785 Thread 0x000001f112623cf0 Uncommon trap: reason=class_check action=maybe_recompile pc=0x000001f121a857c0 method=jdk.internal.misc.Unsafe.allocateUninitializedArray(Ljava/lang/Class;I)Ljava/lang/Object; @ 51 c2
Event: 0.785 Thread 0x000001f112623cf0 DEOPT PACKING pc=0x000001f121a857c0 sp=0x0000008d5a9fe4d0
Event: 0.785 Thread 0x000001f112623cf0 DEOPT UNPACKING pc=0x000001f119fb23a3 sp=0x0000008d5a9fe458 mode 2
Event: 0.785 Thread 0x000001f112623cf0 Uncommon trap: trap_request=0xffffffde fr.pc=0x000001f121a857c0 relative=0x0000000000000120
Event: 0.785 Thread 0x000001f112623cf0 Uncommon trap: reason=class_check action=maybe_recompile pc=0x000001f121a857c0 method=jdk.internal.misc.Unsafe.allocateUninitializedArray(Ljava/lang/Class;I)Ljava/lang/Object; @ 51 c2
Event: 0.785 Thread 0x000001f112623cf0 DEOPT PACKING pc=0x000001f121a857c0 sp=0x0000008d5a9fe3f0
Event: 0.785 Thread 0x000001f112623cf0 DEOPT UNPACKING pc=0x000001f119fb23a3 sp=0x0000008d5a9fe378 mode 2

Classes loaded (20 events):
Event: 0.820 Loading class java/util/stream/Node$OfInt done
Event: 0.820 Loading class java/util/stream/Nodes$EmptyNode$OfInt done
Event: 0.820 Loading class java/util/stream/Nodes$EmptyNode$OfLong
Event: 0.820 Loading class java/util/stream/Node$OfLong
Event: 0.820 Loading class java/util/stream/Node$OfLong done
Event: 0.820 Loading class java/util/stream/Nodes$EmptyNode$OfLong done
Event: 0.820 Loading class java/util/stream/Nodes$EmptyNode$OfDouble
Event: 0.820 Loading class java/util/stream/Node$OfDouble
Event: 0.821 Loading class java/util/stream/Node$OfDouble done
Event: 0.821 Loading class java/util/stream/Nodes$EmptyNode$OfDouble done
Event: 0.821 Loading class java/util/stream/Nodes$FixedNodeBuilder
Event: 0.821 Loading class java/util/stream/Node$Builder
Event: 0.821 Loading class java/util/stream/Node$Builder done
Event: 0.821 Loading class java/util/stream/Nodes$ArrayNode
Event: 0.821 Loading class java/util/stream/Nodes$ArrayNode done
Event: 0.821 Loading class java/util/stream/Nodes$FixedNodeBuilder done
Event: 0.821 Loading class java/util/stream/IntPipeline$1$1
Event: 0.821 Loading class java/util/stream/IntPipeline$1$1 done
Event: 66.143 Loading class java/util/LinkedList$Node
Event: 66.143 Loading class java/util/LinkedList$Node done

Classes unloaded (0 events):
No events

Classes redefined (1 events):
Event: 1031.714 Thread 0x000001f135297780 redefined class name=ejercicio3.InRangeEjercicio3AG, count=1

Internal exceptions (7 events):
Event: 0.120 Thread 0x000001f112623cf0 Exception <a 'java/lang/NoSuchMethodError'{0x0000000719b233b0}: 'void java.lang.invoke.DirectMethodHandle$Holder.invokeVirtual(java.lang.Object, java.lang.Object)'> (0x0000000719b233b0) 
thrown [s\open\src\hotspot\share\interpreter\linkResolver.cpp, line 759]
Event: 0.360 Thread 0x000001f112623cf0 Exception <a 'java/lang/NoSuchMethodError'{0x0000000719065eb8}: 'void java.lang.invoke.DirectMethodHandle$Holder.invokeSpecial(java.lang.Object, java.lang.Object, java.lang.Object, java.lang.Object, java.lang.Object)'> (0x0000000719065eb8) 
thrown [s\open\src\hotspot\share\interpreter\linkResolver.cpp, line 759]
Event: 0.366 Thread 0x000001f112623cf0 Exception <a 'java/lang/NoSuchMethodError'{0x000000071907c530}: 'java.lang.Object java.lang.invoke.DirectMethodHandle$Holder.invokeInterface(java.lang.Object, java.lang.Object)'> (0x000000071907c530) 
thrown [s\open\src\hotspot\share\interpreter\linkResolver.cpp, line 759]
Event: 0.366 Thread 0x000001f112623cf0 Exception <a 'java/lang/IncompatibleClassChangeError'{0x000000071907fa78}: Found class java.lang.Object, but interface was expected> (0x000000071907fa78) 
thrown [s\open\src\hotspot\share\interpreter\linkResolver.cpp, line 826]
Event: 0.367 Thread 0x000001f112623cf0 Exception <a 'java/lang/NoSuchMethodError'{0x0000000719082968}: 'void java.lang.invoke.DirectMethodHandle$Holder.invokeStatic(java.lang.Object, java.lang.Object, java.lang.Object, java.lang.Object)'> (0x0000000719082968) 
thrown [s\open\src\hotspot\share\interpreter\linkResolver.cpp, line 759]
Event: 0.702 Thread 0x000001f112623cf0 Exception <a 'java/lang/NoSuchMethodError'{0x0000000718cb56f8}: 'void java.lang.invoke.DirectMethodHandle$Holder.invokeStatic(java.lang.Object, java.lang.Object, java.lang.Object)'> (0x0000000718cb56f8) 
thrown [s\open\src\hotspot\share\interpreter\linkResolver.cpp, line 759]
Event: 0.706 Thread 0x000001f112623cf0 Exception <a 'java/lang/NoSuchMethodError'{0x0000000718cc8818}: 'java.lang.Object java.lang.invoke.Invokers$Holder.invokeExact_MT(java.lang.Object, java.lang.Object, java.lang.Object, java.lang.Object, java.lang.Object)'> (0x0000000718cc8818) 
thrown [s\open\src\hotspot\share\interpreter\linkResolver.cpp, line 759]

VM Operations (20 events):
Event: 308.432 Executing VM operation: get/set locals
Event: 308.432 Executing VM operation: get/set locals done
Event: 308.453 Executing VM operation: get/set locals
Event: 308.453 Executing VM operation: get/set locals done
Event: 1031.706 Executing VM operation: ChangeSingleStep
Event: 1031.706 Executing VM operation: ChangeSingleStep done
Event: 1031.707 Executing VM operation: ChangeSingleStep
Event: 1031.707 Executing VM operation: ChangeSingleStep done
Event: 1031.712 Executing VM operation: RedefineClasses
Event: 1031.718 Executing VM operation: RedefineClasses done
Event: 1031.725 Executing VM operation: ChangeBreakpoints
Event: 1031.725 Executing VM operation: ChangeBreakpoints done
Event: 1031.729 Executing VM operation: ChangeBreakpoints
Event: 1031.729 Executing VM operation: ChangeBreakpoints done
Event: 1031.731 Executing VM operation: ChangeSingleStep
Event: 1031.731 Executing VM operation: ChangeSingleStep done
Event: 1031.731 Executing VM operation: get/set locals
Event: 1031.731 Executing VM operation: get/set locals done
Event: 1031.732 Executing VM operation: ChangeSingleStep
Event: 1031.732 Executing VM operation: ChangeSingleStep done

Events (20 events):
Event: 0.060 Thread 0x000001f1352b6ab0 Thread added: 0x000001f1352b6ab0
Event: 0.060 Thread 0x000001f1352b7690 Thread added: 0x000001f1352b7690
Event: 0.060 Thread 0x000001f1352b7f80 Thread added: 0x000001f1352b7f80
Event: 0.060 Thread 0x000001f1352d2030 Thread added: 0x000001f1352d2030
Event: 0.092 Thread 0x000001f1395ab660 Thread added: 0x000001f1395ab660
Event: 0.101 Loaded shared library C:\Program Files\Java\jdk-18.0.2.1\bin\net.dll
Event: 0.104 Loaded shared library C:\Program Files\Java\jdk-18.0.2.1\bin\nio.dll
Event: 0.174 Thread 0x000001f139603570 Thread added: 0x000001f139603570
Event: 0.208 Loaded shared library C:\Program Files\Java\jdk-18.0.2.1\bin\zip.dll
Event: 0.279 Thread 0x000001f1397ef1b0 Thread added: 0x000001f1397ef1b0
Event: 0.412 Thread 0x000001f139af6090 Thread added: 0x000001f139af6090
Event: 0.412 Thread 0x000001f139b2d110 Thread added: 0x000001f139b2d110
Event: 0.413 Thread 0x000001f139b2d980 Thread added: 0x000001f139b2d980
Event: 0.526 Loaded shared library C:\Program Files\Java\jdk-18.0.2.1\bin\zip.dll
Event: 0.530 Loaded shared library C:\Program Files\Java\jdk-18.0.2.1\bin\instrument.dll
Event: 0.619 Loaded shared library C:\Program Files\Java\jdk-18.0.2.1\bin\jimage.dll
Event: 0.710 Thread 0x000001f1395a9980 Thread added: 0x000001f1395a9980
Event: 0.718 Loaded shared library C:\Program Files\Java\jdk-18.0.2.1\bin\verify.dll
Event: 5.819 Thread 0x000001f1397ef1b0 Thread exited: 0x000001f1397ef1b0
Event: 5.819 Thread 0x000001f139603570 Thread exited: 0x000001f139603570


Dynamic libraries:
0x00007ff65be60000 - 0x00007ff65be70000 	C:\Program Files\Java\jdk-18.0.2.1\bin\javaw.exe
0x00007ff8aed10000 - 0x00007ff8aef08000 	C:\Windows\SYSTEM32\ntdll.dll
0x00007ff8ad5b0000 - 0x00007ff8ad66f000 	C:\Windows\System32\KERNEL32.DLL
0x00007ff8ac5e0000 - 0x00007ff8ac8b2000 	C:\Windows\System32\KERNELBASE.dll
0x00007ff8ac8c0000 - 0x00007ff8ac9c0000 	C:\Windows\System32\ucrtbase.dll
0x00007ff876300000 - 0x00007ff87631a000 	C:\Program Files\Java\jdk-18.0.2.1\bin\VCRUNTIME140.dll
0x00007ff89aa40000 - 0x00007ff89aa58000 	C:\Program Files\Java\jdk-18.0.2.1\bin\jli.dll
0x00007ff8ace70000 - 0x00007ff8acf1e000 	C:\Windows\System32\ADVAPI32.dll
0x00007ff8add20000 - 0x00007ff8addbe000 	C:\Windows\System32\msvcrt.dll
0x00007ff8ae170000 - 0x00007ff8ae20c000 	C:\Windows\System32\sechost.dll
0x00007ff8ae2a0000 - 0x00007ff8ae3c5000 	C:\Windows\System32\RPCRT4.dll
0x00007ff8adfc0000 - 0x00007ff8ae161000 	C:\Windows\System32\USER32.dll
0x00007ff894b70000 - 0x00007ff894e0a000 	C:\Windows\WinSxS\amd64_microsoft.windows.common-controls_6595b64144ccf1df_6.0.19041.1110_none_60b5254171f9507e\COMCTL32.dll
0x00007ff8ac4b0000 - 0x00007ff8ac4d2000 	C:\Windows\System32\win32u.dll
0x00007ff8addc0000 - 0x00007ff8addeb000 	C:\Windows\System32\GDI32.dll
0x00007ff8acc50000 - 0x00007ff8acd5f000 	C:\Windows\System32\gdi32full.dll
0x00007ff8ac410000 - 0x00007ff8ac4ad000 	C:\Windows\System32\msvcp_win.dll
0x00007ff8a58b0000 - 0x00007ff8a58ba000 	C:\Windows\SYSTEM32\VERSION.dll
0x00007ff8ae210000 - 0x00007ff8ae240000 	C:\Windows\System32\IMM32.DLL
0x00007ff88df20000 - 0x00007ff88df2c000 	C:\Program Files\Java\jdk-18.0.2.1\bin\vcruntime140_1.dll
0x00007ff86cfe0000 - 0x00007ff86d06d000 	C:\Program Files\Java\jdk-18.0.2.1\bin\msvcp140.dll
0x00007ff866c90000 - 0x00007ff8678a1000 	C:\Program Files\Java\jdk-18.0.2.1\bin\server\jvm.dll
0x00007ff8ad710000 - 0x00007ff8ad718000 	C:\Windows\System32\PSAPI.DLL
0x00007ff8a1770000 - 0x00007ff8a1797000 	C:\Windows\SYSTEM32\WINMM.dll
0x00007ff887c40000 - 0x00007ff887c49000 	C:\Windows\SYSTEM32\WSOCK32.dll
0x00007ff8ad720000 - 0x00007ff8ad78b000 	C:\Windows\System32\WS2_32.dll
0x00007ff8aa2d0000 - 0x00007ff8aa2e2000 	C:\Windows\SYSTEM32\kernel.appcore.dll
0x00007ff8875a0000 - 0x00007ff8875aa000 	C:\Program Files\Java\jdk-18.0.2.1\bin\jimage.dll
0x00007ff8963c0000 - 0x00007ff8965a4000 	C:\Windows\SYSTEM32\DBGHELP.DLL
0x00007ff8915b0000 - 0x00007ff8915e5000 	C:\Windows\SYSTEM32\dbgcore.DLL
0x00007ff8ac9c0000 - 0x00007ff8aca42000 	C:\Windows\System32\bcryptPrimitives.dll
0x00007ff8a6de0000 - 0x00007ff8a6e1b000 	C:\Program Files\Java\jdk-18.0.2.1\bin\jdwp.dll
0x00007ff8a93f0000 - 0x00007ff8a93fe000 	C:\Program Files\Java\jdk-18.0.2.1\bin\instrument.dll
0x00007ff86cfb0000 - 0x00007ff86cfd5000 	C:\Program Files\Java\jdk-18.0.2.1\bin\java.dll
0x00007ff86b2a0000 - 0x00007ff86b376000 	C:\Program Files\Java\jdk-18.0.2.1\bin\jsvml.dll
0x00007ff8ae580000 - 0x00007ff8aecc5000 	C:\Windows\System32\SHELL32.dll
0x00007ff8aa4d0000 - 0x00007ff8aac62000 	C:\Windows\SYSTEM32\windows.storage.dll
0x00007ff8ad8d0000 - 0x00007ff8adc25000 	C:\Windows\System32\combase.dll
0x00007ff8abd90000 - 0x00007ff8abdc0000 	C:\Windows\SYSTEM32\Wldp.dll
0x00007ff8addf0000 - 0x00007ff8ade9d000 	C:\Windows\System32\SHCORE.dll
0x00007ff8ae240000 - 0x00007ff8ae295000 	C:\Windows\System32\shlwapi.dll
0x00007ff8ac350000 - 0x00007ff8ac36f000 	C:\Windows\SYSTEM32\profapi.dll
0x00007ff86cf90000 - 0x00007ff86cfa3000 	C:\Program Files\Java\jdk-18.0.2.1\bin\net.dll
0x00007ff8a2300000 - 0x00007ff8a240a000 	C:\Windows\SYSTEM32\WINHTTP.dll
0x00007ff8abaf0000 - 0x00007ff8abb5a000 	C:\Windows\system32\mswsock.dll
0x00007ff86c6a0000 - 0x00007ff86c6b6000 	C:\Program Files\Java\jdk-18.0.2.1\bin\nio.dll
0x00007ff86b280000 - 0x00007ff86b298000 	C:\Program Files\Java\jdk-18.0.2.1\bin\zip.dll
0x00007ff8a93a0000 - 0x00007ff8a93ac000 	C:\Program Files\Java\jdk-18.0.2.1\bin\dt_socket.dll
0x00007ff8ab7e0000 - 0x00007ff8ab81b000 	C:\Windows\SYSTEM32\IPHLPAPI.DLL
0x00007ff8ab820000 - 0x00007ff8ab8eb000 	C:\Windows\SYSTEM32\DNSAPI.dll
0x00007ff8ad5a0000 - 0x00007ff8ad5a8000 	C:\Windows\System32\NSI.dll
0x00007ff895300000 - 0x00007ff89530a000 	C:\Windows\System32\rasadhlp.dll
0x00007ff895c90000 - 0x00007ff895d10000 	C:\Windows\System32\fwpuclnt.dll
0x00007ff8aca50000 - 0x00007ff8aca77000 	C:\Windows\System32\bcrypt.dll
0x00007ff886c30000 - 0x00007ff886c40000 	C:\Program Files\Java\jdk-18.0.2.1\bin\verify.dll

dbghelp: loaded successfully - version: 4.0.5 - missing functions: none
symbol engine: initialized successfully - sym options: 0x614 - pdb path: .;C:\Program Files\Java\jdk-18.0.2.1\bin;C:\Windows\SYSTEM32;C:\Windows\WinSxS\amd64_microsoft.windows.common-controls_6595b64144ccf1df_6.0.19041.1110_none_60b5254171f9507e;C:\Program Files\Java\jdk-18.0.2.1\bin\server

VM Arguments:
jvm_args: -XX:+ShowCodeDetailsInExceptionMessages -agentlib:jdwp=transport=dt_socket,suspend=y,address=localhost:63162 --enable-preview -javaagent:C:\Users\Dani\eclipse\java-2022-06\eclipse\configuration\org.eclipse.osgi\215\0\.cp\lib\javaagent-shaded.jar -Dfile.encoding=UTF-8 --module-path=C:\Users\Dani\Desktop\workspace adda23\PI4_marrogar60\bin;C:\Users\Dani\git\ada_v2_18\java\Geneticos\bin;C:\Users\Dani\git\ada_v2_18\java\ParteComun\target\classes;C:\Users\Dani\git\ada_v2_18\java\ParteComun\lib\antlr4-runtime-4.9.2.jar;C:\Users\Dani\git\ada_v2_18\java\ParteComun\lib\jgrapht-core-1.5.0.jar;C:\Users\Dani\git\ada_v2_18\java\ParteComun\lib\jgrapht-io-1.5.0.jar;C:\Users\Dani\git\ada_v2_18\java\ParteComun\lib\jheaps-0.13.jar;C:\Users\Dani\git\ada_v2_18\java\ParteComun\lib\commons-text-1.8.jar;C:\Users\Dani\git\ada_v2_18\java\ParteComun\lib\commons-math3-3.6.1.jar;C:\Users\Dani\git\ada_v2_18\java\ParteComun\lib\juniversalchardet-1.0.3.jar;C:\Users\Dani\git\ada_v2_18\java\ParteComun\lib\matplotlib4j-0.5.1.jar;C:\Users\Dani\git\ada_v2_18\java\ParteComun\lib\slf4j-api-1.7.7.jar;C:\Users\Dani\git\ada_v2_18\java\ParteComun\lib\slf4j-log4j12-1.7.7.jar;C:\Users\Dani\git\ada_v2_18\java\ParteComun\lib\log4j-1.2.17.jar;C:\Users\Dani\git\ada_v2_18\java\ParteComun\lib\guava-15.0.jar;C:\Users\Dani\git\ada_v2_18\java\Grafos\bin;C:\Users\Dani\git\ada_v2_18\java\Solve\bin;C:\Users\Dani\git\ada_v2_18\java\DatosCompartidos\bin;C:\Users\Dani\git\ada_v2_18\java\Solve\lib\gurobi.jar;C:\Users\Dani\git\ada_v2_18\java\Solve\lib\antlr4-runtime-4.9.2.jar;C:\Users\Dani\git\ada_v2_18\java\Grafos\lib\commons-lang3-3.9.jar;C:\Users\Dani\git\ada_v2_18\java\Grafos\lib\commons-text-1.8.jar;C:\Users\Dani\git\ada_v2_18\java\Grafos\lib\jgrapht-core-1.5.0.jar;C:\Users\Dani\git\ada_v2_18\java\Grafos\lib\jgrapht-io-1.5.0.jar;C:\Users\Dani\git\ada_v2_18\java\Grafos\lib\jheaps-0.13.jar;C:\Users\Dani\git\ada_v2_18\java\Geneticos\lib\commons-math3-3.2.jar;C:\Users\Dani\git\ada_v2_18\java\Geneticos\lib\jgrapht-core-1.2.0.jar -Djdk.module.main=pi42223 
java_command: pi42223/ejercicio3.TestEjercicio3AG
java_class_path (initial): <not set>
Launcher Type: SUN_STANDARD

[Global flags]
     intx CICompilerCount                          = 4                                         {product} {ergonomic}
     uint ConcGCThreads                            = 3                                         {product} {ergonomic}
     uint G1ConcRefinementThreads                  = 10                                        {product} {ergonomic}
   size_t G1HeapRegionSize                         = 2097152                                   {product} {ergonomic}
    uintx GCDrainStackTargetSize                   = 64                                        {product} {ergonomic}
   size_t InitialHeapSize                          = 257949696                                 {product} {ergonomic}
   size_t MarkStackSize                            = 4194304                                   {product} {ergonomic}
   size_t MaxHeapSize                              = 4120903680                                {product} {ergonomic}
   size_t MaxNewSize                               = 2472542208                                {product} {ergonomic}
   size_t MinHeapDeltaBytes                        = 2097152                                   {product} {ergonomic}
   size_t MinHeapSize                              = 8388608                                   {product} {ergonomic}
    uintx NonNMethodCodeHeapSize                   = 5839372                                {pd product} {ergonomic}
    uintx NonProfiledCodeHeapSize                  = 122909434                              {pd product} {ergonomic}
    uintx ProfiledCodeHeapSize                     = 122909434                              {pd product} {ergonomic}
    uintx ReservedCodeCacheSize                    = 251658240                              {pd product} {ergonomic}
     bool SegmentedCodeCache                       = true                                      {product} {ergonomic}
     bool ShowCodeDetailsInExceptionMessages       = true                                   {manageable} {command line}
   size_t SoftMaxHeapSize                          = 4120903680                             {manageable} {ergonomic}
     bool UseCompressedClassPointers               = true                           {product lp64_product} {ergonomic}
     bool UseCompressedOops                        = true                           {product lp64_product} {ergonomic}
     bool UseG1GC                                  = true                                      {product} {ergonomic}
     bool UseLargePagesIndividualAllocation        = false                                  {pd product} {ergonomic}

Logging:
Log output configuration:
 #0: stdout all=warning uptime,level,tags foldmultilines=false
 #1: stderr all=off uptime,level,tags foldmultilines=false

Environment Variables:
PATH=C:\gurobi950\win64\bin;C:\Program Files\Common Files\Oracle\Java\javapath;C:\Windows\system32;C:\Windows;C:\Windows\System32\Wbem;C:\Windows\System32\WindowsPowerShell\v1.0\;C:\Windows\System32\OpenSSH\;C:\Program Files\Git\cmd;C:\Program Files\TortoiseGit\bin;C:\Program Files\MySQL\MySQL Shell 8.0\bin\;C:\Users\Dani\AppData\Local\Programs\Python\Python310\Scripts\;C:\Users\Dani\AppData\Local\Programs\Python\Python310\;C:\Users\Dani\AppData\Local\Microsoft\WindowsApps;;C:\Users\Dani\AppData\Local\Programs\Microsoft VS Code\bin
USERNAME=Dani
OS=Windows_NT
PROCESSOR_IDENTIFIER=AMD64 Family 25 Model 80 Stepping 0, AuthenticAMD



---------------  S Y S T E M  ---------------

OS:
 Windows 10 , 64 bit Build 19041 (10.0.19041.2546)
OS uptime: 3 days 3:39 hours

CPU: total 12 (initial active 12) (12 cores per cpu, 2 threads per core) family 25 model 80 stepping 0 microcode 0x0, cx8, cmov, fxsr, ht, mmx, 3dnowpref, sse, sse2, sse3, ssse3, sse4a, sse4.1, sse4.2, popcnt, lzcnt, tsc, tscinvbit, avx, avx2, aes, erms, clmul, bmi1, bmi2, adx, sha, fma, vzeroupper, clflush, clflushopt

Memory: 4k page, system-wide physical 15716M (10871M free)
TotalPageFile size 18148M (AvailPageFile size 10707M)
current process WorkingSet (physical memory assigned to process): 58M, peak: 66M
current process commit charge ("private bytes"): 342M, peak: 350M

vm_info: Java HotSpot(TM) 64-Bit Server VM (18.0.2.1+1-1) for windows-amd64 JRE (18.0.2.1+1-1), built on Aug 16 2022 01:46:33 by "mach5one" with MS VC++ 16.8 / 16.9 (VS2019)

END.
